Using pre-set license
Built from '2020.3/release' branch; Version is '2020.3.1f1 (77a89f25062f) revision 7841951'; Using compiler version '192528614'; Build Type 'Release'
OS: 'Windows 10 Pro; OS build 19041.985; Version 2004; 64bit' Language: 'tr' Physical Memory: 16226 MB
BatchMode: 1, IsHumanControllingUs: 0, StartBugReporterOnCrash: 0, Is64bit: 1, IsPro: 0

 COMMAND LINE ARGUMENTS:
C:\Unity\2020.3.1f1\Editor\Unity.exe
-adb2
-batchMode
-noUpm
-name
AssetImportWorker0
-projectPath
C:/Unity Project X/Ball Blast replica/Ball Blast Replica
-logFile
Logs/AssetImportWorker0.log
-srvPort
65125
Successfully changed project path to: C:/Unity Project X/Ball Blast replica/Ball Blast Replica
C:/Unity Project X/Ball Blast replica/Ball Blast Replica
Using Asset Import Pipeline V2.
Refreshing native plugins compatible for Editor in 35.72 ms, found 1 plugins.
Preloading 0 native plugins for Editor in 0.00 ms.
Initialize engine version: 2020.3.1f1 (77a89f25062f)
[Subsystems] Discovering subsystems at path C:/Unity/2020.3.1f1/Editor/Data/Resources/UnitySubsystems
[Subsystems] Discovering subsystems at path C:/Unity Project X/Ball Blast replica/Ball Blast Replica/Assets
GfxDevice: creating device client; threaded=0
Direct3D:
    Version:  Direct3D 11.0 [level 11.1]
    Renderer: NVIDIA GeForce GTX 1650 with Max-Q Design (ID=0x1f91)
    Vendor:   
    VRAM:     3962 MB
    Driver:   27.21.14.6089
Initialize mono
Mono path[0] = 'C:/Unity/2020.3.1f1/Editor/Data/Managed'
Mono path[1] = 'C:/Unity/2020.3.1f1/Editor/Data/MonoBleedingEdge/lib/mono/unityjit'
Mono config path = 'C:/Unity/2020.3.1f1/Editor/Data/MonoBleedingEdge/etc'
Using monoOptions --debugger-agent=transport=dt_socket,embedding=1,server=y,suspend=n,address=127.0.0.1:56936
Begin MonoManager ReloadAssembly
Registering precompiled unity dll's ...
Register platform support module: C:/Unity/2020.3.1f1/Editor/Data/PlaybackEngines/WindowsStandaloneSupport/UnityEditor.WindowsStandalone.Extensions.dll
Registered in 0.001215 seconds.
Native extension for WindowsStandalone target not found
Refreshing native plugins compatible for Editor in 34.92 ms, found 1 plugins.
Preloading 0 native plugins for Editor in 0.00 ms.
Invoked RoslynAnalysisRunner static constructor.
RoslynAnalysisRunner will not be running.
RoslynAnalysisRunner has terminated.
Mono: successfully reloaded assembly
- Completed reload, in  1.449 seconds
Platform modules already initialized, skipping
Registering precompiled user dll's ...
Registered in 0.000988 seconds.
Begin MonoManager ReloadAssembly
Native extension for WindowsStandalone target not found
Refreshing native plugins compatible for Editor in 45.95 ms, found 1 plugins.
Preloading 0 native plugins for Editor in 0.00 ms.
Invoked RoslynAnalysisRunner static constructor.
RoslynAnalysisRunner will not be running.
RoslynAnalysisRunner has terminated.
Mono: successfully reloaded assembly
- Completed reload, in  0.886 seconds
Platform modules already initialized, skipping
========================================================================
Worker process is ready to serve import requests
Launched and connected shader compiler UnityShaderCompiler.exe after 0.05 seconds
Refreshing native plugins compatible for Editor in 0.34 ms, found 1 plugins.
Preloading 0 native plugins for Editor in 0.00 ms.
Unloading 1839 Unused Serialized files (Serialized files now loaded: 0)
System memory in use before: 87.3 MB.
System memory in use after: 87.2 MB.

Unloading 25 unused Assets to reduce memory usage. Loaded Objects now: 2286.
Total: 1.929200 ms (FindLiveObjects: 0.181300 ms CreateObjectMapping: 0.071500 ms MarkObjects: 1.561000 ms  DeleteObjects: 0.114500 ms)

========================================================================
Received Import Request.
  path: Assets/Prefeb/Meteor.prefab
  artifactKey: Guid(a27282f826cae4e4ca510475206ceb0f) Importer(815301076,1909f56bfc062723c751e8b465ee728b)
Start importing Assets/Prefeb/Meteor.prefab using Guid(a27282f826cae4e4ca510475206ceb0f) Importer(815301076,1909f56bfc062723c751e8b465ee728b)  -> (artifact id: '9e007b69735a9b8dd5ae5580b940b4bf') in 0.135646 seconds
  Import took 0.138562 seconds .

========================================================================
Received Import Request.
  Time since last request: 214.335689 seconds.
  path: Assets/Prefeb/MeteorBlue.prefab
  artifactKey: Guid(fa0cee9402527164283a53b310df0cc9) Importer(815301076,1909f56bfc062723c751e8b465ee728b)
Start importing Assets/Prefeb/MeteorBlue.prefab using Guid(fa0cee9402527164283a53b310df0cc9) Importer(815301076,1909f56bfc062723c751e8b465ee728b)  -> (artifact id: 'ca0c8a9ec7106f3ed3bda0c072557ae2') in 0.030744 seconds
  Import took 0.034513 seconds .

========================================================================
Received Import Request.
  Time since last request: 2.104253 seconds.
  path: Assets/Prefeb/MeteorGray.prefab
  artifactKey: Guid(78b2d531bd76d3948abb21f71d87c50a) Importer(815301076,1909f56bfc062723c751e8b465ee728b)
Start importing Assets/Prefeb/MeteorGray.prefab using Guid(78b2d531bd76d3948abb21f71d87c50a) Importer(815301076,1909f56bfc062723c751e8b465ee728b)  -> (artifact id: '40b69e8818bfba9c19c0658e0127d4c1') in 0.029294 seconds
  Import took 0.032666 seconds .

========================================================================
Received Import Request.
  Time since last request: 0.003818 seconds.
  path: Assets/Prefeb/MeteorGray.prefab
  artifactKey: Guid(78b2d531bd76d3948abb21f71d87c50a) Importer(815301076,1909f56bfc062723c751e8b465ee728b)
Start importing Assets/Prefeb/MeteorGray.prefab using Guid(78b2d531bd76d3948abb21f71d87c50a) Importer(815301076,1909f56bfc062723c751e8b465ee728b)  -> (artifact id: '40b69e8818bfba9c19c0658e0127d4c1') in 0.027821 seconds
  Import took 0.031266 seconds .

========================================================================
Received Import Request.
  Time since last request: 2.115333 seconds.
  path: Assets/Prefeb/MeteorGreen.prefab
  artifactKey: Guid(033f3e79ab4fd6a4aa5b931f45b95d61) Importer(815301076,1909f56bfc062723c751e8b465ee728b)
Start importing Assets/Prefeb/MeteorGreen.prefab using Guid(033f3e79ab4fd6a4aa5b931f45b95d61) Importer(815301076,1909f56bfc062723c751e8b465ee728b)  -> (artifact id: '9d8ac36e9fce7b1e35dc58ac79c72c9f') in 0.029523 seconds
  Import took 0.032878 seconds .

========================================================================
Received Import Request.
  Time since last request: 0.003252 seconds.
  path: Assets/Prefeb/MeteorGreen.prefab
  artifactKey: Guid(033f3e79ab4fd6a4aa5b931f45b95d61) Importer(815301076,1909f56bfc062723c751e8b465ee728b)
Start importing Assets/Prefeb/MeteorGreen.prefab using Guid(033f3e79ab4fd6a4aa5b931f45b95d61) Importer(815301076,1909f56bfc062723c751e8b465ee728b)  -> (artifact id: '9d8ac36e9fce7b1e35dc58ac79c72c9f') in 0.028296 seconds
  Import took 0.031783 seconds .

========================================================================
Received Import Request.
  Time since last request: 50.112946 seconds.
  path: Assets/Scripts/Missile.cs
  artifactKey: Guid(93353cc677f1f8b4ca8ea308808f1d72) Importer(815301076,1909f56bfc062723c751e8b465ee728b)
Start importing Assets/Scripts/Missile.cs using Guid(93353cc677f1f8b4ca8ea308808f1d72) Importer(815301076,1909f56bfc062723c751e8b465ee728b)  -> (artifact id: '6d5f0df3435fc4165f91fde3f2076e72') in 0.015365 seconds
  Import took 0.017959 seconds .

========================================================================
Received Import Request.
  Time since last request: 2.042028 seconds.
  path: Assets/Scripts/MeteorHealth.cs
  artifactKey: Guid(66cf5bb4766149743bd08455653d7875) Importer(815301076,1909f56bfc062723c751e8b465ee728b)
Start importing Assets/Scripts/MeteorHealth.cs using Guid(66cf5bb4766149743bd08455653d7875) Importer(815301076,1909f56bfc062723c751e8b465ee728b)  -> (artifact id: '3bdce44b2e86f791accc12a5e05ed6af') in 0.001224 seconds
  Import took 0.003909 seconds .

========================================================================
Received Import Request.
  Time since last request: 0.573658 seconds.
  path: Assets/Scripts/Meteor.cs
  artifactKey: Guid(6c8584de0624702438221a54f7e3b026) Importer(815301076,1909f56bfc062723c751e8b465ee728b)
Start importing Assets/Scripts/Meteor.cs using Guid(6c8584de0624702438221a54f7e3b026) Importer(815301076,1909f56bfc062723c751e8b465ee728b)  -> (artifact id: 'cec014dac9f0b4bd2d9701066008b22b') in 0.001363 seconds
  Import took 0.004273 seconds .

========================================================================
Received Import Request.
  Time since last request: 78.906332 seconds.
  path: Assets/Scripts/Meteor.cs
  artifactKey: Guid(6c8584de0624702438221a54f7e3b026) Importer(815301076,1909f56bfc062723c751e8b465ee728b)
Start importing Assets/Scripts/Meteor.cs using Guid(6c8584de0624702438221a54f7e3b026) Importer(815301076,1909f56bfc062723c751e8b465ee728b)  -> (artifact id: 'dcb79c1b0e4cf9bc7fa242b1184cee48') in 0.001763 seconds
  Import took 0.005012 seconds .

========================================================================
Received Import Request.
  Time since last request: 0.001539 seconds.
  path: Assets/Scripts/Meteor.cs
  artifactKey: Guid(6c8584de0624702438221a54f7e3b026) Importer(815301076,1909f56bfc062723c751e8b465ee728b)
Start importing Assets/Scripts/Meteor.cs using Guid(6c8584de0624702438221a54f7e3b026) Importer(815301076,1909f56bfc062723c751e8b465ee728b)  -> (artifact id: 'dcb79c1b0e4cf9bc7fa242b1184cee48') in 0.001119 seconds
  Import took 0.003544 seconds .

========================================================================
Received Import Request.
  Time since last request: 72.961092 seconds.
  path: Assets/Scripts/Meteor.cs
  artifactKey: Guid(6c8584de0624702438221a54f7e3b026) Importer(815301076,1909f56bfc062723c751e8b465ee728b)
Start importing Assets/Scripts/Meteor.cs using Guid(6c8584de0624702438221a54f7e3b026) Importer(815301076,1909f56bfc062723c751e8b465ee728b)  -> (artifact id: 'ccc34def98d2ad9c16bd7de7554e4aa4') in 0.001508 seconds
  Import took 0.004726 seconds .

========================================================================
Received Prepare
Registering precompiled user dll's ...
Registered in 0.000968 seconds.
Begin MonoManager ReloadAssembly
Native extension for WindowsStandalone target not found
Refreshing native plugins compatible for Editor in 0.35 ms, found 1 plugins.
Preloading 0 native plugins for Editor in 0.00 ms.
Invoked RoslynAnalysisRunner static constructor.
RoslynAnalysisRunner will not be running.
RoslynAnalysisRunner has terminated.
Mono: successfully reloaded assembly
- Completed reload, in  0.800 seconds
Platform modules already initialized, skipping
Refreshing native plugins compatible for Editor in 0.55 ms, found 1 plugins.
Preloading 0 native plugins for Editor in 0.00 ms.
Unloading 1819 Unused Serialized files (Serialized files now loaded: 0)
System memory in use before: 89.2 MB.
System memory in use after: 89.2 MB.

Unloading 13 unused Assets to reduce memory usage. Loaded Objects now: 2297.
Total: 1.978200 ms (FindLiveObjects: 0.162900 ms CreateObjectMapping: 0.059800 ms MarkObjects: 1.656800 ms  DeleteObjects: 0.097600 ms)

========================================================================
Received Import Request.
  Time since last request: 84.762164 seconds.
  path: Assets/Scripts/MeteorSpawner.cs
  artifactKey: Guid(989481823a760b34e98c4ea82813891a) Importer(815301076,1909f56bfc062723c751e8b465ee728b)
Start importing Assets/Scripts/MeteorSpawner.cs using Guid(989481823a760b34e98c4ea82813891a) Importer(815301076,1909f56bfc062723c751e8b465ee728b)  -> (artifact id: '76480849c2b33ee541868a3684d99c87') in 0.004696 seconds
  Import took 0.007950 seconds .

========================================================================
Received Prepare
Registering precompiled user dll's ...
Registered in 0.001562 seconds.
Begin MonoManager ReloadAssembly
Native extension for WindowsStandalone target not found
Refreshing native plugins compatible for Editor in 0.34 ms, found 1 plugins.
Preloading 0 native plugins for Editor in 0.00 ms.
Invoked RoslynAnalysisRunner static constructor.
RoslynAnalysisRunner will not be running.
RoslynAnalysisRunner has terminated.
Mono: successfully reloaded assembly
- Completed reload, in  0.850 seconds
Platform modules already initialized, skipping
Refreshing native plugins compatible for Editor in 0.40 ms, found 1 plugins.
Preloading 0 native plugins for Editor in 0.00 ms.
Unloading 1820 Unused Serialized files (Serialized files now loaded: 0)
System memory in use before: 89.3 MB.
System memory in use after: 89.2 MB.

Unloading 13 unused Assets to reduce memory usage. Loaded Objects now: 2302.
Total: 2.109400 ms (FindLiveObjects: 0.210700 ms CreateObjectMapping: 0.090600 ms MarkObjects: 1.706600 ms  DeleteObjects: 0.100300 ms)

========================================================================
Received Prepare
Registering precompiled user dll's ...
Registered in 0.001097 seconds.
Begin MonoManager ReloadAssembly
Native extension for WindowsStandalone target not found
Refreshing native plugins compatible for Editor in 0.35 ms, found 1 plugins.
Preloading 0 native plugins for Editor in 0.00 ms.
Invoked RoslynAnalysisRunner static constructor.
RoslynAnalysisRunner will not be running.
RoslynAnalysisRunner has terminated.
Mono: successfully reloaded assembly
- Completed reload, in  0.812 seconds
Platform modules already initialized, skipping
Refreshing native plugins compatible for Editor in 0.35 ms, found 1 plugins.
Preloading 0 native plugins for Editor in 0.00 ms.
Unloading 1820 Unused Serialized files (Serialized files now loaded: 0)
System memory in use before: 89.3 MB.
System memory in use after: 89.3 MB.

Unloading 13 unused Assets to reduce memory usage. Loaded Objects now: 2306.
Total: 1.788500 ms (FindLiveObjects: 0.164600 ms CreateObjectMapping: 0.056200 ms MarkObjects: 1.468800 ms  DeleteObjects: 0.098000 ms)

========================================================================
Received Import Request.
  Time since last request: 769.016366 seconds.
  path: Assets/Scripts/MeteorSpawner.cs
  artifactKey: Guid(989481823a760b34e98c4ea82813891a) Importer(815301076,1909f56bfc062723c751e8b465ee728b)
Start importing Assets/Scripts/MeteorSpawner.cs using Guid(989481823a760b34e98c4ea82813891a) Importer(815301076,1909f56bfc062723c751e8b465ee728b)  -> (artifact id: '3dc0d27ca241a3e624cdf65bc417466d') in 0.004320 seconds
  Import took 0.006909 seconds .

========================================================================
Received Prepare
Registering precompiled user dll's ...
Registered in 0.000938 seconds.
Begin MonoManager ReloadAssembly
Native extension for WindowsStandalone target not found
Refreshing native plugins compatible for Editor in 0.36 ms, found 1 plugins.
Preloading 0 native plugins for Editor in 0.00 ms.
Invoked RoslynAnalysisRunner static constructor.
RoslynAnalysisRunner will not be running.
RoslynAnalysisRunner has terminated.
Mono: successfully reloaded assembly
- Completed reload, in  0.809 seconds
Platform modules already initialized, skipping
Refreshing native plugins compatible for Editor in 0.39 ms, found 1 plugins.
Preloading 0 native plugins for Editor in 0.00 ms.
Unloading 1820 Unused Serialized files (Serialized files now loaded: 0)
System memory in use before: 89.3 MB.
System memory in use after: 89.3 MB.

Unloading 13 unused Assets to reduce memory usage. Loaded Objects now: 2310.
Total: 2.150300 ms (FindLiveObjects: 0.228500 ms CreateObjectMapping: 0.085400 ms MarkObjects: 1.738100 ms  DeleteObjects: 0.097500 ms)

========================================================================
Received Prepare
Registering precompiled user dll's ...
Registered in 0.000973 seconds.
Begin MonoManager ReloadAssembly
Native extension for WindowsStandalone target not found
Refreshing native plugins compatible for Editor in 0.35 ms, found 1 plugins.
Preloading 0 native plugins for Editor in 0.00 ms.
Invoked RoslynAnalysisRunner static constructor.
RoslynAnalysisRunner will not be running.
RoslynAnalysisRunner has terminated.
Mono: successfully reloaded assembly
- Completed reload, in  0.755 seconds
Platform modules already initialized, skipping
Refreshing native plugins compatible for Editor in 0.35 ms, found 1 plugins.
Preloading 0 native plugins for Editor in 0.00 ms.
Unloading 1820 Unused Serialized files (Serialized files now loaded: 0)
System memory in use before: 89.3 MB.
System memory in use after: 89.3 MB.

Unloading 13 unused Assets to reduce memory usage. Loaded Objects now: 2314.
Total: 2.916300 ms (FindLiveObjects: 0.236500 ms CreateObjectMapping: 0.091000 ms MarkObjects: 2.453800 ms  DeleteObjects: 0.133800 ms)

========================================================================
Received Prepare
Registering precompiled user dll's ...
Registered in 0.000940 seconds.
Begin MonoManager ReloadAssembly
Native extension for WindowsStandalone target not found
Refreshing native plugins compatible for Editor in 0.36 ms, found 1 plugins.
Preloading 0 native plugins for Editor in 0.00 ms.
Invoked RoslynAnalysisRunner static constructor.
RoslynAnalysisRunner will not be running.
RoslynAnalysisRunner has terminated.
Mono: successfully reloaded assembly
- Completed reload, in  0.787 seconds
Platform modules already initialized, skipping
Refreshing native plugins compatible for Editor in 0.34 ms, found 1 plugins.
Preloading 0 native plugins for Editor in 0.00 ms.
Unloading 1820 Unused Serialized files (Serialized files now loaded: 0)
System memory in use before: 89.3 MB.
System memory in use after: 89.3 MB.

Unloading 13 unused Assets to reduce memory usage. Loaded Objects now: 2318.
Total: 1.996000 ms (FindLiveObjects: 0.174700 ms CreateObjectMapping: 0.065700 ms MarkObjects: 1.658800 ms  DeleteObjects: 0.096200 ms)

========================================================================
Received Prepare
Registering precompiled user dll's ...
Registered in 0.000998 seconds.
Begin MonoManager ReloadAssembly
Native extension for WindowsStandalone target not found
Refreshing native plugins compatible for Editor in 0.36 ms, found 1 plugins.
Preloading 0 native plugins for Editor in 0.00 ms.
Invoked RoslynAnalysisRunner static constructor.
RoslynAnalysisRunner will not be running.
RoslynAnalysisRunner has terminated.
Mono: successfully reloaded assembly
- Completed reload, in  0.791 seconds
Platform modules already initialized, skipping
Refreshing native plugins compatible for Editor in 0.34 ms, found 1 plugins.
Preloading 0 native plugins for Editor in 0.00 ms.
Unloading 1820 Unused Serialized files (Serialized files now loaded: 0)
System memory in use before: 89.3 MB.
System memory in use after: 89.3 MB.

Unloading 13 unused Assets to reduce memory usage. Loaded Objects now: 2322.
Total: 2.012900 ms (FindLiveObjects: 0.212700 ms CreateObjectMapping: 0.056200 ms MarkObjects: 1.602200 ms  DeleteObjects: 0.140900 ms)

========================================================================
Received Import Request.
  Time since last request: 449.495911 seconds.
  path: Assets/Prefeb/Meteor.prefab
  artifactKey: Guid(a27282f826cae4e4ca510475206ceb0f) Importer(815301076,1909f56bfc062723c751e8b465ee728b)
Start importing Assets/Prefeb/Meteor.prefab using Guid(a27282f826cae4e4ca510475206ceb0f) Importer(815301076,1909f56bfc062723c751e8b465ee728b)  -> (artifact id: 'b4aa0a103e5798d0a8699f0e0405c389') in 0.094198 seconds
  Import took 0.097695 seconds .

========================================================================
Received Import Request.
  Time since last request: 5.041584 seconds.
  path: Assets/Prefeb/Meteor.prefab
  artifactKey: Guid(a27282f826cae4e4ca510475206ceb0f) Importer(815301076,1909f56bfc062723c751e8b465ee728b)
Start importing Assets/Prefeb/Meteor.prefab using Guid(a27282f826cae4e4ca510475206ceb0f) Importer(815301076,1909f56bfc062723c751e8b465ee728b)  -> (artifact id: '3ed2b0b19eaa8421ea369a8ea593f348') in 0.028445 seconds
  Import took 0.032327 seconds .

========================================================================
Received Import Request.
  Time since last request: 13.131191 seconds.
  path: Assets/Prefeb/Meteor.prefab
  artifactKey: Guid(a27282f826cae4e4ca510475206ceb0f) Importer(815301076,1909f56bfc062723c751e8b465ee728b)
Start importing Assets/Prefeb/Meteor.prefab using Guid(a27282f826cae4e4ca510475206ceb0f) Importer(815301076,1909f56bfc062723c751e8b465ee728b)  -> (artifact id: '459e1f90b18b342fef259e19f80c48da') in 0.030456 seconds
  Import took 0.033728 seconds .

========================================================================
Received Import Request.
  Time since last request: 6.049986 seconds.
  path: Assets/Prefeb/Meteor.prefab
  artifactKey: Guid(a27282f826cae4e4ca510475206ceb0f) Importer(815301076,1909f56bfc062723c751e8b465ee728b)
Start importing Assets/Prefeb/Meteor.prefab using Guid(a27282f826cae4e4ca510475206ceb0f) Importer(815301076,1909f56bfc062723c751e8b465ee728b)  -> (artifact id: 'e324406ec86fd0a89756f45b5d21aed0') in 0.027883 seconds
  Import took 0.030845 seconds .

========================================================================
Received Import Request.
  Time since last request: 12.538448 seconds.
  path: Assets/Prefeb/MeteorBlue.prefab
  artifactKey: Guid(fa0cee9402527164283a53b310df0cc9) Importer(815301076,1909f56bfc062723c751e8b465ee728b)
Start importing Assets/Prefeb/MeteorBlue.prefab using Guid(fa0cee9402527164283a53b310df0cc9) Importer(815301076,1909f56bfc062723c751e8b465ee728b)  -> (artifact id: '1b293ad8def27e181cde977313f1eb4d') in 0.028525 seconds
  Import took 0.031395 seconds .

========================================================================
Received Import Request.
  Time since last request: 2.178081 seconds.
  path: Assets/Prefeb/MeteorBlue.prefab
  artifactKey: Guid(fa0cee9402527164283a53b310df0cc9) Importer(815301076,1909f56bfc062723c751e8b465ee728b)
Start importing Assets/Prefeb/MeteorBlue.prefab using Guid(fa0cee9402527164283a53b310df0cc9) Importer(815301076,1909f56bfc062723c751e8b465ee728b)  -> (artifact id: 'fadd74b34cdd952ba1b6c511f9f6bb52') in 0.028214 seconds
  Import took 0.031972 seconds .

========================================================================
Received Import Request.
  Time since last request: 3.238799 seconds.
  path: Assets/Prefeb/MeteorGray.prefab
  artifactKey: Guid(78b2d531bd76d3948abb21f71d87c50a) Importer(815301076,1909f56bfc062723c751e8b465ee728b)
Start importing Assets/Prefeb/MeteorGray.prefab using Guid(78b2d531bd76d3948abb21f71d87c50a) Importer(815301076,1909f56bfc062723c751e8b465ee728b)  -> (artifact id: 'dadfb525c5f6773b56442df2c30e4684') in 0.026990 seconds
  Import took 0.030464 seconds .

========================================================================
Received Import Request.
  Time since last request: 1.368473 seconds.
  path: Assets/Prefeb/MeteorGray.prefab
  artifactKey: Guid(78b2d531bd76d3948abb21f71d87c50a) Importer(815301076,1909f56bfc062723c751e8b465ee728b)
Start importing Assets/Prefeb/MeteorGray.prefab using Guid(78b2d531bd76d3948abb21f71d87c50a) Importer(815301076,1909f56bfc062723c751e8b465ee728b)  -> (artifact id: '126420c98a614f55f2aca9ed93ca1965') in 0.025357 seconds
  Import took 0.028629 seconds .

========================================================================
Received Import Request.
  Time since last request: 2.411401 seconds.
  path: Assets/Prefeb/MeteorGreen.prefab
  artifactKey: Guid(033f3e79ab4fd6a4aa5b931f45b95d61) Importer(815301076,1909f56bfc062723c751e8b465ee728b)
Start importing Assets/Prefeb/MeteorGreen.prefab using Guid(033f3e79ab4fd6a4aa5b931f45b95d61) Importer(815301076,1909f56bfc062723c751e8b465ee728b)  -> (artifact id: 'd54aea30cfc151b4105f1acbfb0013d5') in 0.030018 seconds
  Import took 0.032936 seconds .

========================================================================
Received Import Request.
  Time since last request: 1.304463 seconds.
  path: Assets/Prefeb/MeteorGreen.prefab
  artifactKey: Guid(033f3e79ab4fd6a4aa5b931f45b95d61) Importer(815301076,1909f56bfc062723c751e8b465ee728b)
Start importing Assets/Prefeb/MeteorGreen.prefab using Guid(033f3e79ab4fd6a4aa5b931f45b95d61) Importer(815301076,1909f56bfc062723c751e8b465ee728b)  -> (artifact id: '6c00b13c14752c235cdb95bb0201f373') in 0.027953 seconds
  Import took 0.030846 seconds .

========================================================================
Received Prepare
Registering precompiled user dll's ...
Registered in 0.001534 seconds.
Begin MonoManager ReloadAssembly
Native extension for WindowsStandalone target not found
Refreshing native plugins compatible for Editor in 0.57 ms, found 1 plugins.
Preloading 0 native plugins for Editor in 0.00 ms.
Invoked RoslynAnalysisRunner static constructor.
RoslynAnalysisRunner will not be running.
RoslynAnalysisRunner has terminated.
Mono: successfully reloaded assembly
- Completed reload, in  1.223 seconds
Platform modules already initialized, skipping
Refreshing native plugins compatible for Editor in 0.45 ms, found 1 plugins.
Preloading 0 native plugins for Editor in 0.00 ms.
Unloading 1820 Unused Serialized files (Serialized files now loaded: 0)
System memory in use before: 89.4 MB.
System memory in use after: 89.3 MB.

Unloading 13 unused Assets to reduce memory usage. Loaded Objects now: 2327.
Total: 3.255600 ms (FindLiveObjects: 0.399300 ms CreateObjectMapping: 0.155600 ms MarkObjects: 2.534700 ms  DeleteObjects: 0.163900 ms)

========================================================================
Received Import Request.
  Time since last request: 84.661582 seconds.
  path: Assets/Prefeb/missile.prefab
  artifactKey: Guid(20b8a7dbd37021f4f9c1be842a5f1c2a) Importer(815301076,1909f56bfc062723c751e8b465ee728b)
Start importing Assets/Prefeb/missile.prefab using Guid(20b8a7dbd37021f4f9c1be842a5f1c2a) Importer(815301076,1909f56bfc062723c751e8b465ee728b)  -> (artifact id: 'f67e28c41c6b0d1f48d6738735eaeaac') in 0.077149 seconds
  Import took 0.081755 seconds .

========================================================================
Received Prepare
Registering precompiled user dll's ...
Registered in 0.001134 seconds.
Begin MonoManager ReloadAssembly
Native extension for WindowsStandalone target not found
Refreshing native plugins compatible for Editor in 0.34 ms, found 1 plugins.
Preloading 0 native plugins for Editor in 0.00 ms.
Invoked RoslynAnalysisRunner static constructor.
RoslynAnalysisRunner will not be running.
RoslynAnalysisRunner has terminated.
Mono: successfully reloaded assembly
- Completed reload, in  0.781 seconds
Platform modules already initialized, skipping
Refreshing native plugins compatible for Editor in 0.39 ms, found 1 plugins.
Preloading 0 native plugins for Editor in 0.00 ms.
Unloading 1820 Unused Serialized files (Serialized files now loaded: 0)
System memory in use before: 89.4 MB.
System memory in use after: 89.4 MB.

Unloading 13 unused Assets to reduce memory usage. Loaded Objects now: 2332.
Total: 1.872100 ms (FindLiveObjects: 0.166400 ms CreateObjectMapping: 0.060700 ms MarkObjects: 1.546500 ms  DeleteObjects: 0.097600 ms)

========================================================================
Received Prepare
Registering precompiled user dll's ...
Registered in 0.001255 seconds.
Begin MonoManager ReloadAssembly
Native extension for WindowsStandalone target not found
Refreshing native plugins compatible for Editor in 0.36 ms, found 1 plugins.
Preloading 0 native plugins for Editor in 0.00 ms.
Invoked RoslynAnalysisRunner static constructor.
RoslynAnalysisRunner will not be running.
RoslynAnalysisRunner has terminated.
Mono: successfully reloaded assembly
- Completed reload, in  0.902 seconds
Platform modules already initialized, skipping
Refreshing native plugins compatible for Editor in 0.34 ms, found 1 plugins.
Preloading 0 native plugins for Editor in 0.00 ms.
Unloading 1820 Unused Serialized files (Serialized files now loaded: 0)
System memory in use before: 89.4 MB.
System memory in use after: 89.4 MB.

Unloading 13 unused Assets to reduce memory usage. Loaded Objects now: 2336.
Total: 2.686300 ms (FindLiveObjects: 0.317600 ms CreateObjectMapping: 0.158300 ms MarkObjects: 2.089800 ms  DeleteObjects: 0.119500 ms)

AssetImportWorkerClient::OnTransportError - code=2 error=End of file
