Using pre-set license
Built from '2020.3/release' branch; Version is '2020.3.1f1 (77a89f25062f) revision 7841951'; Using compiler version '192528614'; Build Type 'Release'
OS: 'Windows 10 Pro; OS build 19041.985; Version 2004; 64bit' Language: 'tr' Physical Memory: 16226 MB
BatchMode: 1, IsHumanControllingUs: 0, StartBugReporterOnCrash: 0, Is64bit: 1, IsPro: 0

 COMMAND LINE ARGUMENTS:
C:\Unity\2020.3.1f1\Editor\Unity.exe
-adb2
-batchMode
-noUpm
-name
AssetImportWorker0
-projectPath
C:/Unity Project X/Ball Blast replica/Ball Blast Replica
-logFile
Logs/AssetImportWorker0.log
-srvPort
59185
Successfully changed project path to: C:/Unity Project X/Ball Blast replica/Ball Blast Replica
C:/Unity Project X/Ball Blast replica/Ball Blast Replica
Using Asset Import Pipeline V2.
Refreshing native plugins compatible for Editor in 35.47 ms, found 1 plugins.
Preloading 0 native plugins for Editor in 0.00 ms.
Initialize engine version: 2020.3.1f1 (77a89f25062f)
[Subsystems] Discovering subsystems at path C:/Unity/2020.3.1f1/Editor/Data/Resources/UnitySubsystems
[Subsystems] Discovering subsystems at path C:/Unity Project X/Ball Blast replica/Ball Blast Replica/Assets
GfxDevice: creating device client; threaded=0
Direct3D:
    Version:  Direct3D 11.0 [level 11.1]
    Renderer: NVIDIA GeForce GTX 1650 with Max-Q Design (ID=0x1f91)
    Vendor:   
    VRAM:     3962 MB
    Driver:   27.21.14.6089
Initialize mono
Mono path[0] = 'C:/Unity/2020.3.1f1/Editor/Data/Managed'
Mono path[1] = 'C:/Unity/2020.3.1f1/Editor/Data/MonoBleedingEdge/lib/mono/unityjit'
Mono config path = 'C:/Unity/2020.3.1f1/Editor/Data/MonoBleedingEdge/etc'
Using monoOptions --debugger-agent=transport=dt_socket,embedding=1,server=y,suspend=n,address=127.0.0.1:56904
Begin MonoManager ReloadAssembly
Registering precompiled unity dll's ...
Register platform support module: C:/Unity/2020.3.1f1/Editor/Data/PlaybackEngines/WindowsStandaloneSupport/UnityEditor.WindowsStandalone.Extensions.dll
Registered in 0.001381 seconds.
Native extension for WindowsStandalone target not found
Refreshing native plugins compatible for Editor in 44.89 ms, found 1 plugins.
Preloading 0 native plugins for Editor in 0.00 ms.
Invoked RoslynAnalysisRunner static constructor.
RoslynAnalysisRunner will not be running.
RoslynAnalysisRunner has terminated.
Mono: successfully reloaded assembly
- Completed reload, in  1.472 seconds
Platform modules already initialized, skipping
Registering precompiled user dll's ...
Registered in 0.000999 seconds.
Begin MonoManager ReloadAssembly
Native extension for WindowsStandalone target not found
Refreshing native plugins compatible for Editor in 38.19 ms, found 1 plugins.
Preloading 0 native plugins for Editor in 0.00 ms.
Invoked RoslynAnalysisRunner static constructor.
RoslynAnalysisRunner will not be running.
RoslynAnalysisRunner has terminated.
Mono: successfully reloaded assembly
- Completed reload, in  0.924 seconds
Platform modules already initialized, skipping
========================================================================
Worker process is ready to serve import requests
Launched and connected shader compiler UnityShaderCompiler.exe after 0.05 seconds
Refreshing native plugins compatible for Editor in 0.59 ms, found 1 plugins.
Preloading 0 native plugins for Editor in 0.00 ms.
Unloading 1841 Unused Serialized files (Serialized files now loaded: 0)
System memory in use before: 87.3 MB.
System memory in use after: 87.3 MB.

Unloading 25 unused Assets to reduce memory usage. Loaded Objects now: 2289.
Total: 2.896100 ms (FindLiveObjects: 0.254100 ms CreateObjectMapping: 0.399200 ms MarkObjects: 2.101000 ms  DeleteObjects: 0.140600 ms)

========================================================================
Received Import Request.
  path: Assets/Scripts/UIController.cs
  artifactKey: Guid(5925d9aea67ced84bbd0c1cd9233f40b) Importer(815301076,1909f56bfc062723c751e8b465ee728b)
Start importing Assets/Scripts/UIController.cs using Guid(5925d9aea67ced84bbd0c1cd9233f40b) Importer(815301076,1909f56bfc062723c751e8b465ee728b)  -> (artifact id: '447a641c9819ec8cc280d7ab6266845e') in 0.028877 seconds
  Import took 0.032432 seconds .

========================================================================
Received Prepare
Registering precompiled user dll's ...
Registered in 0.001611 seconds.
Begin MonoManager ReloadAssembly
Native extension for WindowsStandalone target not found
Refreshing native plugins compatible for Editor in 0.61 ms, found 1 plugins.
Preloading 0 native plugins for Editor in 0.00 ms.
Invoked RoslynAnalysisRunner static constructor.
RoslynAnalysisRunner will not be running.
RoslynAnalysisRunner has terminated.
Mono: successfully reloaded assembly
- Completed reload, in  0.870 seconds
Platform modules already initialized, skipping
Refreshing native plugins compatible for Editor in 0.40 ms, found 1 plugins.
Preloading 0 native plugins for Editor in 0.00 ms.
Unloading 1821 Unused Serialized files (Serialized files now loaded: 0)
System memory in use before: 86.1 MB.
System memory in use after: 86.1 MB.

Unloading 13 unused Assets to reduce memory usage. Loaded Objects now: 2293.
Total: 2.197900 ms (FindLiveObjects: 0.324800 ms CreateObjectMapping: 0.071300 ms MarkObjects: 1.686500 ms  DeleteObjects: 0.114300 ms)

========================================================================
Received Prepare
Registering precompiled user dll's ...
Registered in 0.000968 seconds.
Begin MonoManager ReloadAssembly
Native extension for WindowsStandalone target not found
Refreshing native plugins compatible for Editor in 0.35 ms, found 1 plugins.
Preloading 0 native plugins for Editor in 0.00 ms.
Invoked RoslynAnalysisRunner static constructor.
RoslynAnalysisRunner will not be running.
RoslynAnalysisRunner has terminated.
Mono: successfully reloaded assembly
- Completed reload, in  0.833 seconds
Platform modules already initialized, skipping
Refreshing native plugins compatible for Editor in 0.35 ms, found 1 plugins.
Preloading 0 native plugins for Editor in 0.00 ms.
Unloading 1821 Unused Serialized files (Serialized files now loaded: 0)
System memory in use before: 86.2 MB.
System memory in use after: 86.2 MB.

Unloading 13 unused Assets to reduce memory usage. Loaded Objects now: 2297.
Total: 1.922700 ms (FindLiveObjects: 0.182000 ms CreateObjectMapping: 0.066400 ms MarkObjects: 1.572900 ms  DeleteObjects: 0.100500 ms)

========================================================================
Received Import Request.
  Time since last request: 307.650381 seconds.
  path: Assets/Scripts/UIController.cs
  artifactKey: Guid(5925d9aea67ced84bbd0c1cd9233f40b) Importer(815301076,1909f56bfc062723c751e8b465ee728b)
Start importing Assets/Scripts/UIController.cs using Guid(5925d9aea67ced84bbd0c1cd9233f40b) Importer(815301076,1909f56bfc062723c751e8b465ee728b)  -> (artifact id: '8450898d70e7a193b7b5224e40024442') in 0.003334 seconds
  Import took 0.005899 seconds .

========================================================================
Received Import Request.
  Time since last request: 7.672677 seconds.
  path: Assets/Scripts/PlayerHealth.cs
  artifactKey: Guid(a807d00f1de4d6b438abec13b24fad34) Importer(815301076,1909f56bfc062723c751e8b465ee728b)
Start importing Assets/Scripts/PlayerHealth.cs using Guid(a807d00f1de4d6b438abec13b24fad34) Importer(815301076,1909f56bfc062723c751e8b465ee728b)  -> (artifact id: 'f24f7beb7079848020d96f6e6be05ab4') in 0.001830 seconds
  Import took 0.005241 seconds .

========================================================================
Received Prepare
Registering precompiled user dll's ...
Registered in 0.001093 seconds.
Begin MonoManager ReloadAssembly
Native extension for WindowsStandalone target not found
Refreshing native plugins compatible for Editor in 0.34 ms, found 1 plugins.
Preloading 0 native plugins for Editor in 0.00 ms.
Invoked RoslynAnalysisRunner static constructor.
RoslynAnalysisRunner will not be running.
RoslynAnalysisRunner has terminated.
Mono: successfully reloaded assembly
- Completed reload, in  0.814 seconds
Platform modules already initialized, skipping
Refreshing native plugins compatible for Editor in 0.39 ms, found 1 plugins.
Preloading 0 native plugins for Editor in 0.00 ms.
Unloading 1822 Unused Serialized files (Serialized files now loaded: 0)
System memory in use before: 86.2 MB.
System memory in use after: 86.2 MB.

Unloading 13 unused Assets to reduce memory usage. Loaded Objects now: 2302.
Total: 2.969800 ms (FindLiveObjects: 0.381900 ms CreateObjectMapping: 0.115500 ms MarkObjects: 2.339300 ms  DeleteObjects: 0.131600 ms)

========================================================================
Received Prepare
Registering precompiled user dll's ...
Registered in 0.000735 seconds.
Begin MonoManager ReloadAssembly
Native extension for WindowsStandalone target not found
Refreshing native plugins compatible for Editor in 0.36 ms, found 1 plugins.
Preloading 0 native plugins for Editor in 0.00 ms.
Invoked RoslynAnalysisRunner static constructor.
RoslynAnalysisRunner will not be running.
RoslynAnalysisRunner has terminated.
Mono: successfully reloaded assembly
- Completed reload, in  0.801 seconds
Platform modules already initialized, skipping
Refreshing native plugins compatible for Editor in 0.34 ms, found 1 plugins.
Preloading 0 native plugins for Editor in 0.00 ms.
Unloading 1821 Unused Serialized files (Serialized files now loaded: 0)
System memory in use before: 86.2 MB.
System memory in use after: 86.2 MB.

Unloading 12 unused Assets to reduce memory usage. Loaded Objects now: 2306.
Total: 2.030100 ms (FindLiveObjects: 0.159000 ms CreateObjectMapping: 0.057900 ms MarkObjects: 1.669700 ms  DeleteObjects: 0.142700 ms)

========================================================================
Received Import Request.
  Time since last request: 138.375327 seconds.
  path: Assets/JMO Assets/Cartoon FX Easy Editor/Editor
  artifactKey: Guid(ef74fe7f8dfc6894481d107231650819) Importer(815301076,1909f56bfc062723c751e8b465ee728b)
Start importing Assets/JMO Assets/Cartoon FX Easy Editor/Editor using Guid(ef74fe7f8dfc6894481d107231650819) Importer(815301076,1909f56bfc062723c751e8b465ee728b)  -> (artifact id: 'fd6eb1e599e3140fa69dc2e69e43c01a') in 0.003577 seconds
  Import took 0.006212 seconds .

========================================================================
Received Import Request.
  Time since last request: 0.007330 seconds.
  path: Assets/JMO Assets/Cartoon FX Easy Editor/Editor
  artifactKey: Guid(ef74fe7f8dfc6894481d107231650819) Importer(815301076,1909f56bfc062723c751e8b465ee728b)
Start importing Assets/JMO Assets/Cartoon FX Easy Editor/Editor using Guid(ef74fe7f8dfc6894481d107231650819) Importer(815301076,1909f56bfc062723c751e8b465ee728b)  -> (artifact id: 'fd6eb1e599e3140fa69dc2e69e43c01a') in 0.001860 seconds
  Import took 0.004938 seconds .

========================================================================
Received Import Request.
  Time since last request: 15.948436 seconds.
  path: Assets/JMO Assets/Cartoon FX Easy Editor/Editor/CFXEasyEditor.cs
  artifactKey: Guid(d56b3c7055d81cb44803b5d7db4b65e0) Importer(815301076,1909f56bfc062723c751e8b465ee728b)
Start importing Assets/JMO Assets/Cartoon FX Easy Editor/Editor/CFXEasyEditor.cs using Guid(d56b3c7055d81cb44803b5d7db4b65e0) Importer(815301076,1909f56bfc062723c751e8b465ee728b)  -> (artifact id: '5e7ddaab442c557a99733335cfd93b66') in 0.003642 seconds
  Import took 0.006598 seconds .

========================================================================
Received Import Request.
  Time since last request: 0.000938 seconds.
  path: Assets/JMO Assets/Cartoon FX Easy Editor/Editor/CFXEasyEditor.cs
  artifactKey: Guid(d56b3c7055d81cb44803b5d7db4b65e0) Importer(815301076,1909f56bfc062723c751e8b465ee728b)
Start importing Assets/JMO Assets/Cartoon FX Easy Editor/Editor/CFXEasyEditor.cs using Guid(d56b3c7055d81cb44803b5d7db4b65e0) Importer(815301076,1909f56bfc062723c751e8b465ee728b)  -> (artifact id: '5e7ddaab442c557a99733335cfd93b66') in 0.001362 seconds
  Import took 0.003785 seconds .

========================================================================
Received Import Request.
  Time since last request: 11.606896 seconds.
  path: Assets/JMO Assets/Cartoon FX Easy Editor/CartoonFX Easy Editor Readme.txt
  artifactKey: Guid(459d1fc7f02e45a45806af5efd38b025) Importer(815301076,1909f56bfc062723c751e8b465ee728b)
Start importing Assets/JMO Assets/Cartoon FX Easy Editor/CartoonFX Easy Editor Readme.txt using Guid(459d1fc7f02e45a45806af5efd38b025) Importer(815301076,1909f56bfc062723c751e8b465ee728b)  -> (artifact id: '49ed5c25d52465b0cefd28b77c1fb034') in 0.014317 seconds
  Import took 0.017804 seconds .

========================================================================
Received Prepare
Registering precompiled user dll's ...
Registered in 0.000745 seconds.
Begin MonoManager ReloadAssembly
Native extension for WindowsStandalone target not found
Refreshing native plugins compatible for Editor in 0.36 ms, found 1 plugins.
Preloading 0 native plugins for Editor in 0.00 ms.
Invoked RoslynAnalysisRunner static constructor.
RoslynAnalysisRunner will not be running.
RoslynAnalysisRunner has terminated.
Mono: successfully reloaded assembly
- Completed reload, in  0.798 seconds
Platform modules already initialized, skipping
Refreshing native plugins compatible for Editor in 0.54 ms, found 1 plugins.
Preloading 0 native plugins for Editor in 0.00 ms.
Unloading 1821 Unused Serialized files (Serialized files now loaded: 0)
System memory in use before: 86.2 MB.
System memory in use after: 86.2 MB.

Unloading 12 unused Assets to reduce memory usage. Loaded Objects now: 2310.
Total: 4.191000 ms (FindLiveObjects: 0.574100 ms CreateObjectMapping: 0.234700 ms MarkObjects: 3.207300 ms  DeleteObjects: 0.172800 ms)

========================================================================
Received Import Request.
  Time since last request: 27.839924 seconds.
  path: Assets/JMO Assets/Cartoon FX/Mesh
  artifactKey: Guid(b902967ed7e36ae43be8ab05afdabb8a) Importer(815301076,1909f56bfc062723c751e8b465ee728b)
Start importing Assets/JMO Assets/Cartoon FX/Mesh using Guid(b902967ed7e36ae43be8ab05afdabb8a) Importer(815301076,1909f56bfc062723c751e8b465ee728b)  -> (artifact id: '7d90eb9dcc7c98dacf87e102319818ad') in 0.004057 seconds
  Import took 0.007001 seconds .

========================================================================
Received Import Request.
  Time since last request: 0.007713 seconds.
  path: Assets/JMO Assets/Cartoon FX/Mesh
  artifactKey: Guid(b902967ed7e36ae43be8ab05afdabb8a) Importer(815301076,1909f56bfc062723c751e8b465ee728b)
Start importing Assets/JMO Assets/Cartoon FX/Mesh using Guid(b902967ed7e36ae43be8ab05afdabb8a) Importer(815301076,1909f56bfc062723c751e8b465ee728b)  -> (artifact id: '7d90eb9dcc7c98dacf87e102319818ad') in 0.001319 seconds
  Import took 0.004204 seconds .

========================================================================
Received Import Request.
  Time since last request: 5.077044 seconds.
  path: Assets/JMO Assets/Cartoon FX/CFX4 Prefabs
  artifactKey: Guid(1a4ce55e5c136214387f9cd6fc355972) Importer(815301076,1909f56bfc062723c751e8b465ee728b)
Start importing Assets/JMO Assets/Cartoon FX/CFX4 Prefabs using Guid(1a4ce55e5c136214387f9cd6fc355972) Importer(815301076,1909f56bfc062723c751e8b465ee728b)  -> (artifact id: '492de4a8d7921f5d4e6f86508976e685') in 0.003486 seconds
  Import took 0.006163 seconds .

========================================================================
Received Import Request.
  Time since last request: 0.257265 seconds.
  path: Assets/JMO Assets/Cartoon FX/Demo
  artifactKey: Guid(e6fdcf828c6e2b0449c56aec449fa3c5) Importer(815301076,1909f56bfc062723c751e8b465ee728b)
Start importing Assets/JMO Assets/Cartoon FX/Demo using Guid(e6fdcf828c6e2b0449c56aec449fa3c5) Importer(815301076,1909f56bfc062723c751e8b465ee728b)  -> (artifact id: '2d9fbcf1f61a548eb7a493ef0c950ff3') in 0.001730 seconds
  Import took 0.004824 seconds .

========================================================================
Received Prepare
Registering precompiled user dll's ...
Registered in 0.000670 seconds.
Begin MonoManager ReloadAssembly
Native extension for WindowsStandalone target not found
Refreshing native plugins compatible for Editor in 0.37 ms, found 1 plugins.
Preloading 0 native plugins for Editor in 0.00 ms.
Invoked RoslynAnalysisRunner static constructor.
RoslynAnalysisRunner will not be running.
RoslynAnalysisRunner has terminated.
Mono: successfully reloaded assembly
- Completed reload, in  0.813 seconds
Platform modules already initialized, skipping
Refreshing native plugins compatible for Editor in 0.35 ms, found 1 plugins.
Preloading 0 native plugins for Editor in 0.00 ms.
Unloading 1815 Unused Serialized files (Serialized files now loaded: 0)
System memory in use before: 86.1 MB.
System memory in use after: 86.1 MB.

Unloading 18 unused Assets to reduce memory usage. Loaded Objects now: 2308.
Total: 2.350100 ms (FindLiveObjects: 0.243800 ms CreateObjectMapping: 0.078300 ms MarkObjects: 1.916800 ms  DeleteObjects: 0.110100 ms)

========================================================================
Received Import Request.
  Time since last request: 19.316112 seconds.
  path: Assets/JMO Assets/Cartoon FX/CFX Prefabs/Hits/CFX_Hit_A Red+RandomText.prefab
  artifactKey: Guid(f95ff734540a0d749be6571b6cb5b37f) Importer(815301076,1909f56bfc062723c751e8b465ee728b)
Start importing Assets/JMO Assets/Cartoon FX/CFX Prefabs/Hits/CFX_Hit_A Red+RandomText.prefab using Guid(f95ff734540a0d749be6571b6cb5b37f) Importer(815301076,1909f56bfc062723c751e8b465ee728b)  -> (artifact id: '52c34660cb2183a7ac8ba2fa2313ee67') in 0.029009 seconds
  Import took 0.032002 seconds .

========================================================================
Received Import Request.
  Time since last request: 0.000264 seconds.
  path: Assets/JMO Assets/Cartoon FX/CFX Prefabs/Hits/CFX_Hit_C White.prefab
  artifactKey: Guid(f06e78284f831ae469c74624ab5d513b) Importer(815301076,1909f56bfc062723c751e8b465ee728b)
Start importing Assets/JMO Assets/Cartoon FX/CFX Prefabs/Hits/CFX_Hit_C White.prefab using Guid(f06e78284f831ae469c74624ab5d513b) Importer(815301076,1909f56bfc062723c751e8b465ee728b)  -> (artifact id: '7eb2135600e66aa081923bc1c9bc304e') in 0.003523 seconds
  Import took 0.006462 seconds .

========================================================================
Received Import Request.
  Time since last request: 1.996356 seconds.
  path: Assets/JMO Assets/Cartoon FX/Materials/Animated/CFX_Anim_Triangle2_Add.mat
  artifactKey: Guid(92089ba5e33f01d418da1bd5ba5c31a6) Importer(815301076,1909f56bfc062723c751e8b465ee728b)
Start importing Assets/JMO Assets/Cartoon FX/Materials/Animated/CFX_Anim_Triangle2_Add.mat using Guid(92089ba5e33f01d418da1bd5ba5c31a6) Importer(815301076,1909f56bfc062723c751e8b465ee728b)  -> (artifact id: '1ab13359fd3eae90b08592e055684983') in 0.095562 seconds
  Import took 0.098430 seconds .

========================================================================
Received Import Request.
  Time since last request: 1.679533 seconds.
  path: Assets/JMO Assets/Cartoon FX/CFX Prefabs/Misc/CFX_Magical_Source.prefab
  artifactKey: Guid(9e4577abe56a95f4a91d29a0473cd30c) Importer(815301076,1909f56bfc062723c751e8b465ee728b)
Start importing Assets/JMO Assets/Cartoon FX/CFX Prefabs/Misc/CFX_Magical_Source.prefab using Guid(9e4577abe56a95f4a91d29a0473cd30c) Importer(815301076,1909f56bfc062723c751e8b465ee728b)  -> (artifact id: '025f9713924d63504806edd588b8f359') in 0.005216 seconds
  Import took 0.009471 seconds .

========================================================================
Received Import Request.
  Time since last request: 0.000278 seconds.
  path: Assets/JMO Assets/Cartoon FX/CFX Prefabs/Misc/CFX_Tornado.prefab
  artifactKey: Guid(352304b7fbe11f445970df6ae36e6227) Importer(815301076,1909f56bfc062723c751e8b465ee728b)
Start importing Assets/JMO Assets/Cartoon FX/CFX Prefabs/Misc/CFX_Tornado.prefab using Guid(352304b7fbe11f445970df6ae36e6227) Importer(815301076,1909f56bfc062723c751e8b465ee728b)  -> (artifact id: '447c761f8f8e60af32b8fad2a373bd7f') in 0.004820 seconds
  Import took 0.008802 seconds .

========================================================================
Received Import Request.
  Time since last request: 0.000272 seconds.
  path: Assets/JMO Assets/Cartoon FX/CFX Prefabs/Misc/CFX_MagicPoof.prefab
  artifactKey: Guid(a40b64bf23366dc42a892af2c6ff6140) Importer(815301076,1909f56bfc062723c751e8b465ee728b)
Start importing Assets/JMO Assets/Cartoon FX/CFX Prefabs/Misc/CFX_MagicPoof.prefab using Guid(a40b64bf23366dc42a892af2c6ff6140) Importer(815301076,1909f56bfc062723c751e8b465ee728b)  -> (artifact id: '9a4167e63338b6001469ee89b1aec287') in 0.005059 seconds
  Import took 0.009578 seconds .

========================================================================
Received Import Request.
  Time since last request: 0.000356 seconds.
  path: Assets/JMO Assets/Cartoon FX/CFX Prefabs/Misc/CFX_Poof.prefab
  artifactKey: Guid(3156817f64ec68948ad6bb26569b9ef5) Importer(815301076,1909f56bfc062723c751e8b465ee728b)
Start importing Assets/JMO Assets/Cartoon FX/CFX Prefabs/Misc/CFX_Poof.prefab using Guid(3156817f64ec68948ad6bb26569b9ef5) Importer(815301076,1909f56bfc062723c751e8b465ee728b)  -> (artifact id: 'e0b0cee60705853b9eda1e3e6a1119e4') in 0.003223 seconds
  Import took 0.006512 seconds .

========================================================================
Received Import Request.
  Time since last request: 0.000297 seconds.
  path: Assets/JMO Assets/Cartoon FX/CFX Prefabs/Misc/CFX_Virus.prefab
  artifactKey: Guid(2a474af3f4c27be4e9bdce39cfe4315d) Importer(815301076,1909f56bfc062723c751e8b465ee728b)
Start importing Assets/JMO Assets/Cartoon FX/CFX Prefabs/Misc/CFX_Virus.prefab using Guid(2a474af3f4c27be4e9bdce39cfe4315d) Importer(815301076,1909f56bfc062723c751e8b465ee728b)  -> (artifact id: '1630583dc6152dab5a785db87fed9c92') in 0.004530 seconds
  Import took 0.008537 seconds .

========================================================================
Received Import Request.
  Time since last request: 7.126985 seconds.
  path: Assets/JMO Assets/Cartoon FX/CFX Prefabs/Electric/CFX_ElectricityBall.prefab
  artifactKey: Guid(77ec3c4e07a36814fb3169ecef41b50a) Importer(815301076,1909f56bfc062723c751e8b465ee728b)
Start importing Assets/JMO Assets/Cartoon FX/CFX Prefabs/Electric/CFX_ElectricityBall.prefab using Guid(77ec3c4e07a36814fb3169ecef41b50a) Importer(815301076,1909f56bfc062723c751e8b465ee728b)  -> (artifact id: '2794e7c8705466e2eb6df4737732eb82') in 0.006809 seconds
  Import took 0.010241 seconds .

========================================================================
Received Import Request.
  Time since last request: 1.747249 seconds.
  path: Assets/JMO Assets/Cartoon FX/Materials/Animated/CFX_Anim_Triangle_AddSoft.mat
  artifactKey: Guid(944bc1016f6ac38439ec1bf04fab9550) Importer(815301076,1909f56bfc062723c751e8b465ee728b)
Start importing Assets/JMO Assets/Cartoon FX/Materials/Animated/CFX_Anim_Triangle_AddSoft.mat using Guid(944bc1016f6ac38439ec1bf04fab9550) Importer(815301076,1909f56bfc062723c751e8b465ee728b)  -> (artifact id: '74ee959d8fa184c5acd259fb5b54f927') in 0.009770 seconds
  Import took 0.012756 seconds .

========================================================================
Received Import Request.
  Time since last request: 0.007760 seconds.
  path: Assets/JMO Assets/Cartoon FX/Materials/Animated/CFX_Anim_Triangle_AddSoft.mat
  artifactKey: Guid(944bc1016f6ac38439ec1bf04fab9550) Importer(815301076,1909f56bfc062723c751e8b465ee728b)
Start importing Assets/JMO Assets/Cartoon FX/Materials/Animated/CFX_Anim_Triangle_AddSoft.mat using Guid(944bc1016f6ac38439ec1bf04fab9550) Importer(815301076,1909f56bfc062723c751e8b465ee728b)  -> (artifact id: '74ee959d8fa184c5acd259fb5b54f927') in 0.009677 seconds
  Import took 0.012930 seconds .

========================================================================
Received Import Request.
  Time since last request: 6.627898 seconds.
  path: Assets/JMO Assets/Cartoon FX/Materials/Stretched/CFX_RayRounded.mat
  artifactKey: Guid(7cd73ef8e5a31a244a672ae32c0f6ddb) Importer(815301076,1909f56bfc062723c751e8b465ee728b)
Start importing Assets/JMO Assets/Cartoon FX/Materials/Stretched/CFX_RayRounded.mat using Guid(7cd73ef8e5a31a244a672ae32c0f6ddb) Importer(815301076,1909f56bfc062723c751e8b465ee728b)  -> (artifact id: '754484e72f85c450d4cf019d6ff2d762') in 0.009381 seconds
  Import took 0.012422 seconds .

========================================================================
Received Import Request.
  Time since last request: 0.005480 seconds.
  path: Assets/JMO Assets/Cartoon FX/Materials/Stretched/CFX_RayRounded.mat
  artifactKey: Guid(7cd73ef8e5a31a244a672ae32c0f6ddb) Importer(815301076,1909f56bfc062723c751e8b465ee728b)
Start importing Assets/JMO Assets/Cartoon FX/Materials/Stretched/CFX_RayRounded.mat using Guid(7cd73ef8e5a31a244a672ae32c0f6ddb) Importer(815301076,1909f56bfc062723c751e8b465ee728b)  -> (artifact id: '754484e72f85c450d4cf019d6ff2d762') in 0.008047 seconds
  Import took 0.010721 seconds .

========================================================================
Received Import Request.
  Time since last request: 1.232987 seconds.
  path: Assets/JMO Assets/Cartoon FX/Materials/Misc/CFX_Smoke_4frms.mat
  artifactKey: Guid(3217b570b11b257469c5461f0457e5d4) Importer(815301076,1909f56bfc062723c751e8b465ee728b)
Start importing Assets/JMO Assets/Cartoon FX/Materials/Misc/CFX_Smoke_4frms.mat using Guid(3217b570b11b257469c5461f0457e5d4) Importer(815301076,1909f56bfc062723c751e8b465ee728b)  -> (artifact id: '33187a26e766f907a5bfadc58570529a') in 0.006803 seconds
  Import took 0.009828 seconds .

========================================================================
Received Import Request.
  Time since last request: 0.006714 seconds.
  path: Assets/JMO Assets/Cartoon FX/Materials/Misc/CFX_Smoke_4frms.mat
  artifactKey: Guid(3217b570b11b257469c5461f0457e5d4) Importer(815301076,1909f56bfc062723c751e8b465ee728b)
Start importing Assets/JMO Assets/Cartoon FX/Materials/Misc/CFX_Smoke_4frms.mat using Guid(3217b570b11b257469c5461f0457e5d4) Importer(815301076,1909f56bfc062723c751e8b465ee728b)  -> (artifact id: '33187a26e766f907a5bfadc58570529a') in 0.006273 seconds
  Import took 0.009841 seconds .

========================================================================
Received Import Request.
  Time since last request: 3.760975 seconds.
  path: Assets/JMO Assets/Cartoon FX/Materials/Animated/CFX_Anim_Poof_Add.mat
  artifactKey: Guid(e3d4119c3e4597d4b90fc27f1419ca4b) Importer(815301076,1909f56bfc062723c751e8b465ee728b)
Start importing Assets/JMO Assets/Cartoon FX/Materials/Animated/CFX_Anim_Poof_Add.mat using Guid(e3d4119c3e4597d4b90fc27f1419ca4b) Importer(815301076,1909f56bfc062723c751e8b465ee728b)  -> (artifact id: 'c80984b7c6ebb45f5b8bafa8061a5b45') in 0.006569 seconds
  Import took 0.009657 seconds .

========================================================================
Received Import Request.
  Time since last request: 0.014463 seconds.
  path: Assets/JMO Assets/Cartoon FX/Materials/Animated/CFX_Anim_Poof_Add.mat
  artifactKey: Guid(e3d4119c3e4597d4b90fc27f1419ca4b) Importer(815301076,1909f56bfc062723c751e8b465ee728b)
Start importing Assets/JMO Assets/Cartoon FX/Materials/Animated/CFX_Anim_Poof_Add.mat using Guid(e3d4119c3e4597d4b90fc27f1419ca4b) Importer(815301076,1909f56bfc062723c751e8b465ee728b)  -> (artifact id: 'c80984b7c6ebb45f5b8bafa8061a5b45') in 0.006223 seconds
  Import took 0.009116 seconds .

========================================================================
Received Import Request.
  Time since last request: 1.034628 seconds.
  path: Assets/JMO Assets/Cartoon FX/Materials/Misc/CFX_Tornado.mat
  artifactKey: Guid(d31773cd67ef98d44a63900e5bf368e8) Importer(815301076,1909f56bfc062723c751e8b465ee728b)
Start importing Assets/JMO Assets/Cartoon FX/Materials/Misc/CFX_Tornado.mat using Guid(d31773cd67ef98d44a63900e5bf368e8) Importer(815301076,1909f56bfc062723c751e8b465ee728b)  -> (artifact id: '6639ba7b08bbf4034d51ee630a2cfdc7') in 0.009133 seconds
  Import took 0.012971 seconds .

========================================================================
Received Import Request.
  Time since last request: 0.009305 seconds.
  path: Assets/JMO Assets/Cartoon FX/Materials/Misc/CFX_Tornado.mat
  artifactKey: Guid(d31773cd67ef98d44a63900e5bf368e8) Importer(815301076,1909f56bfc062723c751e8b465ee728b)
Start importing Assets/JMO Assets/Cartoon FX/Materials/Misc/CFX_Tornado.mat using Guid(d31773cd67ef98d44a63900e5bf368e8) Importer(815301076,1909f56bfc062723c751e8b465ee728b)  -> (artifact id: '6639ba7b08bbf4034d51ee630a2cfdc7') in 0.005862 seconds
  Import took 0.008712 seconds .

========================================================================
Received Import Request.
  Time since last request: 1.212473 seconds.
  path: Assets/JMO Assets/Cartoon FX/Materials/Stretched/CFX_SmallSpike_AddSoft.mat
  artifactKey: Guid(4915fef45fefdd14d99dae19165b8a87) Importer(815301076,1909f56bfc062723c751e8b465ee728b)
Start importing Assets/JMO Assets/Cartoon FX/Materials/Stretched/CFX_SmallSpike_AddSoft.mat using Guid(4915fef45fefdd14d99dae19165b8a87) Importer(815301076,1909f56bfc062723c751e8b465ee728b)  -> (artifact id: '18cc3e17d9765ac3f32e430e7ddeaa1d') in 0.005335 seconds
  Import took 0.008262 seconds .

========================================================================
Received Import Request.
  Time since last request: 0.008478 seconds.
  path: Assets/JMO Assets/Cartoon FX/Materials/Stretched/CFX_SmallSpike_AddSoft.mat
  artifactKey: Guid(4915fef45fefdd14d99dae19165b8a87) Importer(815301076,1909f56bfc062723c751e8b465ee728b)
Start importing Assets/JMO Assets/Cartoon FX/Materials/Stretched/CFX_SmallSpike_AddSoft.mat using Guid(4915fef45fefdd14d99dae19165b8a87) Importer(815301076,1909f56bfc062723c751e8b465ee728b)  -> (artifact id: '18cc3e17d9765ac3f32e430e7ddeaa1d') in 0.005760 seconds
  Import took 0.008653 seconds .

========================================================================
Received Import Request.
  Time since last request: 24.110517 seconds.
  path: Assets/JMO Assets/Cartoon FX/Materials/Animated/CFX_Anim_Bubble_Add.mat
  artifactKey: Guid(503ba37627ac18c4ebe9bbe73d6ea9ad) Importer(815301076,1909f56bfc062723c751e8b465ee728b)
Start importing Assets/JMO Assets/Cartoon FX/Materials/Animated/CFX_Anim_Bubble_Add.mat using Guid(503ba37627ac18c4ebe9bbe73d6ea9ad) Importer(815301076,1909f56bfc062723c751e8b465ee728b)  -> (artifact id: 'a86dc2373430a7121a06bc86a5ebd042') in 0.009600 seconds
  Import took 0.013272 seconds .

========================================================================
Received Import Request.
  Time since last request: 0.004398 seconds.
  path: Assets/JMO Assets/Cartoon FX/Materials/Animated/CFX_Anim_Bubble_Add.mat
  artifactKey: Guid(503ba37627ac18c4ebe9bbe73d6ea9ad) Importer(815301076,1909f56bfc062723c751e8b465ee728b)
Start importing Assets/JMO Assets/Cartoon FX/Materials/Animated/CFX_Anim_Bubble_Add.mat using Guid(503ba37627ac18c4ebe9bbe73d6ea9ad) Importer(815301076,1909f56bfc062723c751e8b465ee728b)  -> (artifact id: 'a86dc2373430a7121a06bc86a5ebd042') in 0.007205 seconds
  Import took 0.010433 seconds .

========================================================================
Received Import Request.
  Time since last request: 24.068134 seconds.
  path: Assets/JMO Assets/Cartoon FX/CFX3 Prefabs/Electric
  artifactKey: Guid(6d8820046d052af4583d35be43c7a959) Importer(815301076,1909f56bfc062723c751e8b465ee728b)
Start importing Assets/JMO Assets/Cartoon FX/CFX3 Prefabs/Electric using Guid(6d8820046d052af4583d35be43c7a959) Importer(815301076,1909f56bfc062723c751e8b465ee728b)  -> (artifact id: 'be714bf133171dc6f7ac7d9e688fe5d0') in 0.003489 seconds
  Import took 0.006465 seconds .

========================================================================
Received Import Request.
  Time since last request: 0.077656 seconds.
  path: Assets/JMO Assets/Cartoon FX/CFX3 Prefabs/Electric/CFX3_Hit_Electric_A_Ground.prefab
  artifactKey: Guid(1ca16f2a31fb6a548ad8954bed1d321f) Importer(815301076,1909f56bfc062723c751e8b465ee728b)
Start importing Assets/JMO Assets/Cartoon FX/CFX3 Prefabs/Electric/CFX3_Hit_Electric_A_Ground.prefab using Guid(1ca16f2a31fb6a548ad8954bed1d321f) Importer(815301076,1909f56bfc062723c751e8b465ee728b)  -> (artifact id: '3bf72b1fe820797fbc1333542608eaee') in 0.003877 seconds
  Import took 0.006852 seconds .

========================================================================
Received Import Request.
  Time since last request: 0.000283 seconds.
  path: Assets/JMO Assets/Cartoon FX/CFX3 Prefabs/Electric/CFX3_Hit_Electric_C_Air.prefab
  artifactKey: Guid(e243632bb3aff9549abdcfcc2ef0c4f0) Importer(815301076,1909f56bfc062723c751e8b465ee728b)
Start importing Assets/JMO Assets/Cartoon FX/CFX3 Prefabs/Electric/CFX3_Hit_Electric_C_Air.prefab using Guid(e243632bb3aff9549abdcfcc2ef0c4f0) Importer(815301076,1909f56bfc062723c751e8b465ee728b)  -> (artifact id: '6b6452e2b3686053fe4b3e88344640f6') in 0.004138 seconds
  Import took 0.007349 seconds .

========================================================================
Received Import Request.
  Time since last request: 5.914891 seconds.
  path: Assets/JMO Assets/Cartoon FX/CFX3 Prefabs/Environment
  artifactKey: Guid(d15fe19a363a70749ba9f690ab060547) Importer(815301076,1909f56bfc062723c751e8b465ee728b)
Start importing Assets/JMO Assets/Cartoon FX/CFX3 Prefabs/Environment using Guid(d15fe19a363a70749ba9f690ab060547) Importer(815301076,1909f56bfc062723c751e8b465ee728b)  -> (artifact id: 'b371863a6f9a4956e80b139442573860') in 0.001823 seconds
  Import took 0.004892 seconds .

========================================================================
Received Import Request.
  Time since last request: 0.000308 seconds.
  path: Assets/JMO Assets/Cartoon FX/CFX3 Prefabs/Environment
  artifactKey: Guid(d15fe19a363a70749ba9f690ab060547) Importer(815301076,1909f56bfc062723c751e8b465ee728b)
Start importing Assets/JMO Assets/Cartoon FX/CFX3 Prefabs/Environment using Guid(d15fe19a363a70749ba9f690ab060547) Importer(815301076,1909f56bfc062723c751e8b465ee728b)  -> (artifact id: 'b371863a6f9a4956e80b139442573860') in 0.001512 seconds
  Import took 0.004429 seconds .

========================================================================
Received Import Request.
  Time since last request: 0.123069 seconds.
  path: Assets/JMO Assets/Cartoon FX/CFX3 Prefabs/Environment/CFX3_Snow_Dense.prefab
  artifactKey: Guid(de07bf378e7247444a0715ad2ff509e3) Importer(815301076,1909f56bfc062723c751e8b465ee728b)
Start importing Assets/JMO Assets/Cartoon FX/CFX3 Prefabs/Environment/CFX3_Snow_Dense.prefab using Guid(de07bf378e7247444a0715ad2ff509e3) Importer(815301076,1909f56bfc062723c751e8b465ee728b)  -> (artifact id: 'b7aa6b6887a6f5ad6841f9c703f0cc4f') in 0.004063 seconds
  Import took 0.006669 seconds .

========================================================================
Received Import Request.
  Time since last request: 0.786572 seconds.
  path: Assets/JMO Assets/Cartoon FX/Materials/Misc/CFX2_WhiteCircle AB.mat
  artifactKey: Guid(7c9d6983f275678479ebf019a670f9cf) Importer(815301076,1909f56bfc062723c751e8b465ee728b)
Start importing Assets/JMO Assets/Cartoon FX/Materials/Misc/CFX2_WhiteCircle AB.mat using Guid(7c9d6983f275678479ebf019a670f9cf) Importer(815301076,1909f56bfc062723c751e8b465ee728b)  -> (artifact id: '37d79f33e3d78497eb1a64d7c3c91019') in 0.006644 seconds
  Import took 0.009641 seconds .

========================================================================
Received Import Request.
  Time since last request: 0.014872 seconds.
  path: Assets/JMO Assets/Cartoon FX/Materials/Misc/CFX2_WhiteCircle AB.mat
  artifactKey: Guid(7c9d6983f275678479ebf019a670f9cf) Importer(815301076,1909f56bfc062723c751e8b465ee728b)
Start importing Assets/JMO Assets/Cartoon FX/Materials/Misc/CFX2_WhiteCircle AB.mat using Guid(7c9d6983f275678479ebf019a670f9cf) Importer(815301076,1909f56bfc062723c751e8b465ee728b)  -> (artifact id: '37d79f33e3d78497eb1a64d7c3c91019') in 0.005647 seconds
  Import took 0.009080 seconds .

========================================================================
Received Import Request.
  Time since last request: 7.370875 seconds.
  path: Assets/JMO Assets/Cartoon FX/CFX3 Prefabs/Misc
  artifactKey: Guid(a97b908643fbdbe46b85bef3f9b975e0) Importer(815301076,1909f56bfc062723c751e8b465ee728b)
Start importing Assets/JMO Assets/Cartoon FX/CFX3 Prefabs/Misc using Guid(a97b908643fbdbe46b85bef3f9b975e0) Importer(815301076,1909f56bfc062723c751e8b465ee728b)  -> (artifact id: '68d070af04f03492f25fe433adc3cc52') in 0.001488 seconds
  Import took 0.004604 seconds .

========================================================================
Received Import Request.
  Time since last request: 0.000559 seconds.
  path: Assets/JMO Assets/Cartoon FX/CFX3 Prefabs/Misc
  artifactKey: Guid(a97b908643fbdbe46b85bef3f9b975e0) Importer(815301076,1909f56bfc062723c751e8b465ee728b)
Start importing Assets/JMO Assets/Cartoon FX/CFX3 Prefabs/Misc using Guid(a97b908643fbdbe46b85bef3f9b975e0) Importer(815301076,1909f56bfc062723c751e8b465ee728b)  -> (artifact id: '68d070af04f03492f25fe433adc3cc52') in 0.001409 seconds
  Import took 0.003950 seconds .

========================================================================
Received Import Request.
  Time since last request: 0.066030 seconds.
  path: Assets/JMO Assets/Cartoon FX/CFX3 Prefabs/Misc/CFX3_Hit_Misc_B_Gravity.prefab
  artifactKey: Guid(7d6835d9db898fa4bbfda5d62c496786) Importer(815301076,1909f56bfc062723c751e8b465ee728b)
Start importing Assets/JMO Assets/Cartoon FX/CFX3 Prefabs/Misc/CFX3_Hit_Misc_B_Gravity.prefab using Guid(7d6835d9db898fa4bbfda5d62c496786) Importer(815301076,1909f56bfc062723c751e8b465ee728b)  -> (artifact id: '8568c32857fa183306d565959125b988') in 0.002861 seconds
  Import took 0.005510 seconds .

========================================================================
Received Import Request.
  Time since last request: 0.000250 seconds.
  path: Assets/JMO Assets/Cartoon FX/CFX3 Prefabs/Misc/CFX3_Hit_SmokePuff.prefab
  artifactKey: Guid(83cd9cc9f9c88824ba18dc59b05ae328) Importer(815301076,1909f56bfc062723c751e8b465ee728b)
Start importing Assets/JMO Assets/Cartoon FX/CFX3 Prefabs/Misc/CFX3_Hit_SmokePuff.prefab using Guid(83cd9cc9f9c88824ba18dc59b05ae328) Importer(815301076,1909f56bfc062723c751e8b465ee728b)  -> (artifact id: 'd272f93d534756128d82ce05030b9b8d') in 0.003472 seconds
  Import took 0.006244 seconds .

========================================================================
Received Import Request.
  Time since last request: 0.000284 seconds.
  path: Assets/JMO Assets/Cartoon FX/CFX3 Prefabs/Misc/CFX3_Hit_Misc_D.prefab
  artifactKey: Guid(979632a27455af442bd2d8f36eb0ffce) Importer(815301076,1909f56bfc062723c751e8b465ee728b)
Start importing Assets/JMO Assets/Cartoon FX/CFX3 Prefabs/Misc/CFX3_Hit_Misc_D.prefab using Guid(979632a27455af442bd2d8f36eb0ffce) Importer(815301076,1909f56bfc062723c751e8b465ee728b)  -> (artifact id: '2b0ed287aef1826e1ac001ab4b6abe39') in 0.003010 seconds
  Import took 0.005844 seconds .

========================================================================
Received Import Request.
  Time since last request: 0.000276 seconds.
  path: Assets/JMO Assets/Cartoon FX/CFX3 Prefabs/Misc/CFX3_Skull_Explosion.prefab
  artifactKey: Guid(e473029e4c70ad543a6879b82a732f4f) Importer(815301076,1909f56bfc062723c751e8b465ee728b)
Start importing Assets/JMO Assets/Cartoon FX/CFX3 Prefabs/Misc/CFX3_Skull_Explosion.prefab using Guid(e473029e4c70ad543a6879b82a732f4f) Importer(815301076,1909f56bfc062723c751e8b465ee728b)  -> (artifact id: '87fc75f6d9763dd830a373af4047442b') in 0.003631 seconds
  Import took 0.007408 seconds .

========================================================================
Received Import Request.
  Time since last request: 1.323466 seconds.
  path: Assets/JMO Assets/Cartoon FX/Materials/Light/CFX3_RayStraight ADD.mat
  artifactKey: Guid(695873166113ab64997efed81c2426c7) Importer(815301076,1909f56bfc062723c751e8b465ee728b)
Start importing Assets/JMO Assets/Cartoon FX/Materials/Light/CFX3_RayStraight ADD.mat using Guid(695873166113ab64997efed81c2426c7) Importer(815301076,1909f56bfc062723c751e8b465ee728b)  -> (artifact id: '5423ec32ba302fdf59dc2258fb2800a3') in 0.005609 seconds
  Import took 0.008462 seconds .

========================================================================
Received Import Request.
  Time since last request: 0.007992 seconds.
  path: Assets/JMO Assets/Cartoon FX/Materials/Light/CFX3_RayStraight ADD.mat
  artifactKey: Guid(695873166113ab64997efed81c2426c7) Importer(815301076,1909f56bfc062723c751e8b465ee728b)
Start importing Assets/JMO Assets/Cartoon FX/Materials/Light/CFX3_RayStraight ADD.mat using Guid(695873166113ab64997efed81c2426c7) Importer(815301076,1909f56bfc062723c751e8b465ee728b)  -> (artifact id: '5423ec32ba302fdf59dc2258fb2800a3') in 0.006036 seconds
  Import took 0.010253 seconds .

========================================================================
Received Import Request.
  Time since last request: 1.532207 seconds.
  path: Assets/JMO Assets/Cartoon FX/Materials/Light/CFX3_GlowStar ADD.mat
  artifactKey: Guid(6b22999712355474795091cef25021b4) Importer(815301076,1909f56bfc062723c751e8b465ee728b)
Start importing Assets/JMO Assets/Cartoon FX/Materials/Light/CFX3_GlowStar ADD.mat using Guid(6b22999712355474795091cef25021b4) Importer(815301076,1909f56bfc062723c751e8b465ee728b)  -> (artifact id: '835e9c9b99dfbd1f74974653e7e5bfee') in 0.006230 seconds
  Import took 0.009091 seconds .

========================================================================
Received Import Request.
  Time since last request: 0.009003 seconds.
  path: Assets/JMO Assets/Cartoon FX/Materials/Light/CFX3_GlowStar ADD.mat
  artifactKey: Guid(6b22999712355474795091cef25021b4) Importer(815301076,1909f56bfc062723c751e8b465ee728b)
Start importing Assets/JMO Assets/Cartoon FX/Materials/Light/CFX3_GlowStar ADD.mat using Guid(6b22999712355474795091cef25021b4) Importer(815301076,1909f56bfc062723c751e8b465ee728b)  -> (artifact id: '835e9c9b99dfbd1f74974653e7e5bfee') in 0.006478 seconds
  Import took 0.009266 seconds .

========================================================================
Received Import Request.
  Time since last request: 4.607344 seconds.
  path: Assets/JMO Assets/Cartoon FX/Materials/Fire/CFX3_FireBulk ADD.mat
  artifactKey: Guid(67c3db2f0d5b4aa4eaa1d7aec0699d15) Importer(815301076,1909f56bfc062723c751e8b465ee728b)
Start importing Assets/JMO Assets/Cartoon FX/Materials/Fire/CFX3_FireBulk ADD.mat using Guid(67c3db2f0d5b4aa4eaa1d7aec0699d15) Importer(815301076,1909f56bfc062723c751e8b465ee728b)  -> (artifact id: 'dbe238afd7982226c515093f81663bfc') in 0.008515 seconds
  Import took 0.013036 seconds .

========================================================================
Received Import Request.
  Time since last request: 0.006272 seconds.
  path: Assets/JMO Assets/Cartoon FX/Materials/Fire/CFX3_FireBulk ADD.mat
  artifactKey: Guid(67c3db2f0d5b4aa4eaa1d7aec0699d15) Importer(815301076,1909f56bfc062723c751e8b465ee728b)
Start importing Assets/JMO Assets/Cartoon FX/Materials/Fire/CFX3_FireBulk ADD.mat using Guid(67c3db2f0d5b4aa4eaa1d7aec0699d15) Importer(815301076,1909f56bfc062723c751e8b465ee728b)  -> (artifact id: 'dbe238afd7982226c515093f81663bfc') in 0.006294 seconds
  Import took 0.009391 seconds .

========================================================================
Received Import Request.
  Time since last request: 14.325825 seconds.
  path: Assets/JMO Assets/Cartoon FX/CFX3 Prefabs/Misc/PlayerDeath.prefab
  artifactKey: Guid(e473029e4c70ad543a6879b82a732f4f) Importer(815301076,1909f56bfc062723c751e8b465ee728b)
Start importing Assets/JMO Assets/Cartoon FX/CFX3 Prefabs/Misc/PlayerDeath.prefab using Guid(e473029e4c70ad543a6879b82a732f4f) Importer(815301076,1909f56bfc062723c751e8b465ee728b)  -> (artifact id: '53160f1fdd813d842fd0c063c5529824') in 0.003946 seconds
  Import took 0.007206 seconds .

========================================================================
Received Import Request.
  Time since last request: 0.000561 seconds.
  path: Assets/JMO Assets/Cartoon FX/CFX3 Prefabs/Misc/PlayerDeath.prefab
  artifactKey: Guid(e473029e4c70ad543a6879b82a732f4f) Importer(815301076,1909f56bfc062723c751e8b465ee728b)
Start importing Assets/JMO Assets/Cartoon FX/CFX3 Prefabs/Misc/PlayerDeath.prefab using Guid(e473029e4c70ad543a6879b82a732f4f) Importer(815301076,1909f56bfc062723c751e8b465ee728b)  -> (artifact id: '53160f1fdd813d842fd0c063c5529824') in 0.003392 seconds
  Import took 0.007650 seconds .

========================================================================
Received Import Request.
  Time since last request: 48.943356 seconds.
  path: Assets/JMO Assets/Cartoon FX/CFX2 Prefabs/Misc
  artifactKey: Guid(86fef6e72f4589f428dccc24bd05cf0b) Importer(815301076,1909f56bfc062723c751e8b465ee728b)
Start importing Assets/JMO Assets/Cartoon FX/CFX2 Prefabs/Misc using Guid(86fef6e72f4589f428dccc24bd05cf0b) Importer(815301076,1909f56bfc062723c751e8b465ee728b)  -> (artifact id: 'e90caab05d015354bd6c3ba3eb534ede') in 0.001273 seconds
  Import took 0.004141 seconds .

========================================================================
Received Import Request.
  Time since last request: 0.000407 seconds.
  path: Assets/JMO Assets/Cartoon FX/CFX2 Prefabs/Misc
  artifactKey: Guid(86fef6e72f4589f428dccc24bd05cf0b) Importer(815301076,1909f56bfc062723c751e8b465ee728b)
Start importing Assets/JMO Assets/Cartoon FX/CFX2 Prefabs/Misc using Guid(86fef6e72f4589f428dccc24bd05cf0b) Importer(815301076,1909f56bfc062723c751e8b465ee728b)  -> (artifact id: 'e90caab05d015354bd6c3ba3eb534ede') in 0.001051 seconds
  Import took 0.003478 seconds .

========================================================================
Received Import Request.
  Time since last request: 0.058603 seconds.
  path: Assets/JMO Assets/Cartoon FX/CFX2 Prefabs/Misc/CFX2_BatsCloud.prefab
  artifactKey: Guid(d4f5579fb5da2f646a0c2bee91bdf6b5) Importer(815301076,1909f56bfc062723c751e8b465ee728b)
Start importing Assets/JMO Assets/Cartoon FX/CFX2 Prefabs/Misc/CFX2_BatsCloud.prefab using Guid(d4f5579fb5da2f646a0c2bee91bdf6b5) Importer(815301076,1909f56bfc062723c751e8b465ee728b)  -> (artifact id: 'ee5ecbb9cfcd186423ea126fad5ddc40') in 0.004808 seconds
  Import took 0.007579 seconds .

========================================================================
Received Import Request.
  Time since last request: 0.000235 seconds.
  path: Assets/JMO Assets/Cartoon FX/CFX2 Prefabs/Misc/CFX2_Wandering_Spirits.prefab
  artifactKey: Guid(daa6cceb1b087d74aad6916dac2805ea) Importer(815301076,1909f56bfc062723c751e8b465ee728b)
Start importing Assets/JMO Assets/Cartoon FX/CFX2 Prefabs/Misc/CFX2_Wandering_Spirits.prefab using Guid(daa6cceb1b087d74aad6916dac2805ea) Importer(815301076,1909f56bfc062723c751e8b465ee728b)  -> (artifact id: 'f1d2006d25519fa73b704dd2517573e0') in 0.003376 seconds
  Import took 0.006238 seconds .

========================================================================
Received Import Request.
  Time since last request: 0.000472 seconds.
  path: Assets/JMO Assets/Cartoon FX/CFX2 Prefabs/Misc/CFX2_BrokenHeart.prefab
  artifactKey: Guid(bcaff8fc36e95584bb27cc3cf7c6cb14) Importer(815301076,1909f56bfc062723c751e8b465ee728b)
Start importing Assets/JMO Assets/Cartoon FX/CFX2 Prefabs/Misc/CFX2_BrokenHeart.prefab using Guid(bcaff8fc36e95584bb27cc3cf7c6cb14) Importer(815301076,1909f56bfc062723c751e8b465ee728b)  -> (artifact id: '10720ff4734dd197ec72e5740414fb8c') in 0.004391 seconds
  Import took 0.008616 seconds .

========================================================================
Received Import Request.
  Time since last request: 0.760901 seconds.
  path: Assets/JMO Assets/Cartoon FX/Materials/Misc/CFX2_Glow.mat
  artifactKey: Guid(b479681f08574fd4188237f92866cbac) Importer(815301076,1909f56bfc062723c751e8b465ee728b)
Start importing Assets/JMO Assets/Cartoon FX/Materials/Misc/CFX2_Glow.mat using Guid(b479681f08574fd4188237f92866cbac) Importer(815301076,1909f56bfc062723c751e8b465ee728b)  -> (artifact id: '234214d272905a0943c89001d11ee109') in 0.009130 seconds
  Import took 0.013893 seconds .

========================================================================
Received Import Request.
  Time since last request: 0.005734 seconds.
  path: Assets/JMO Assets/Cartoon FX/Materials/Misc/CFX2_Glow.mat
  artifactKey: Guid(b479681f08574fd4188237f92866cbac) Importer(815301076,1909f56bfc062723c751e8b465ee728b)
Start importing Assets/JMO Assets/Cartoon FX/Materials/Misc/CFX2_Glow.mat using Guid(b479681f08574fd4188237f92866cbac) Importer(815301076,1909f56bfc062723c751e8b465ee728b)  -> (artifact id: '234214d272905a0943c89001d11ee109') in 0.005681 seconds
  Import took 0.008720 seconds .

========================================================================
Received Import Request.
  Time since last request: 0.447816 seconds.
  path: Assets/JMO Assets/Cartoon FX/Materials/Symbols/CFX2_Heart Add.mat
  artifactKey: Guid(c6c72eb3fd1471c489daf719f70f62aa) Importer(815301076,1909f56bfc062723c751e8b465ee728b)
Start importing Assets/JMO Assets/Cartoon FX/Materials/Symbols/CFX2_Heart Add.mat using Guid(c6c72eb3fd1471c489daf719f70f62aa) Importer(815301076,1909f56bfc062723c751e8b465ee728b)  -> (artifact id: 'd423be51b0bc95b80e7965f24c37216f') in 0.006430 seconds
  Import took 0.009603 seconds .

========================================================================
Received Import Request.
  Time since last request: 0.008374 seconds.
  path: Assets/JMO Assets/Cartoon FX/Materials/Symbols/CFX2_Heart Add.mat
  artifactKey: Guid(c6c72eb3fd1471c489daf719f70f62aa) Importer(815301076,1909f56bfc062723c751e8b465ee728b)
Start importing Assets/JMO Assets/Cartoon FX/Materials/Symbols/CFX2_Heart Add.mat using Guid(c6c72eb3fd1471c489daf719f70f62aa) Importer(815301076,1909f56bfc062723c751e8b465ee728b)  -> (artifact id: 'd423be51b0bc95b80e7965f24c37216f') in 0.007408 seconds
  Import took 0.010396 seconds .

========================================================================
Received Import Request.
  Time since last request: 0.337184 seconds.
  path: Assets/JMO Assets/Cartoon FX/Materials/Animated/CFX2_Anim_Bat Multiply.mat
  artifactKey: Guid(653d8478f72eda9478f558c843ccb9f7) Importer(815301076,1909f56bfc062723c751e8b465ee728b)
Start importing Assets/JMO Assets/Cartoon FX/Materials/Animated/CFX2_Anim_Bat Multiply.mat using Guid(653d8478f72eda9478f558c843ccb9f7) Importer(815301076,1909f56bfc062723c751e8b465ee728b)  -> (artifact id: '0a1c8b78c964e5d072e70f88f434424e') in 0.035784 seconds
  Import took 0.040208 seconds .

========================================================================
Received Import Request.
  Time since last request: 0.002897 seconds.
  path: Assets/JMO Assets/Cartoon FX/Materials/Animated/CFX2_Anim_Bat Multiply.mat
  artifactKey: Guid(653d8478f72eda9478f558c843ccb9f7) Importer(815301076,1909f56bfc062723c751e8b465ee728b)
Start importing Assets/JMO Assets/Cartoon FX/Materials/Animated/CFX2_Anim_Bat Multiply.mat using Guid(653d8478f72eda9478f558c843ccb9f7) Importer(815301076,1909f56bfc062723c751e8b465ee728b)  -> (artifact id: '0a1c8b78c964e5d072e70f88f434424e') in 0.005532 seconds
  Import took 0.008146 seconds .

========================================================================
Received Import Request.
  Time since last request: 18.360920 seconds.
  path: Assets/JMO Assets/Cartoon FX/CFX2 Prefabs/Skull & Ghosts Effects/CFX2_EnemyDeathSkull.prefab
  artifactKey: Guid(7867af58a6ec48846ae807eb4022fbaa) Importer(815301076,1909f56bfc062723c751e8b465ee728b)
Start importing Assets/JMO Assets/Cartoon FX/CFX2 Prefabs/Skull & Ghosts Effects/CFX2_EnemyDeathSkull.prefab using Guid(7867af58a6ec48846ae807eb4022fbaa) Importer(815301076,1909f56bfc062723c751e8b465ee728b)  -> (artifact id: 'fa3c7fbe2702242b910b42b9eb3efe08') in 0.005344 seconds
  Import took 0.008416 seconds .

========================================================================
Received Import Request.
  Time since last request: 0.408380 seconds.
  path: Assets/JMO Assets/Cartoon FX/CFX2 Prefabs/Pickup Items/CFX2_PickupDiamond2.prefab
  artifactKey: Guid(aa3fed151f536ee49b583c6a3ac4a2e1) Importer(815301076,1909f56bfc062723c751e8b465ee728b)
Start importing Assets/JMO Assets/Cartoon FX/CFX2 Prefabs/Pickup Items/CFX2_PickupDiamond2.prefab using Guid(aa3fed151f536ee49b583c6a3ac4a2e1) Importer(815301076,1909f56bfc062723c751e8b465ee728b)  -> (artifact id: '928002aa60bb68cb5b8a30f999615af5') in 0.004725 seconds
  Import took 0.007417 seconds .

========================================================================
Received Import Request.
  Time since last request: 0.000271 seconds.
  path: Assets/JMO Assets/Cartoon FX/CFX2 Prefabs/Pickup Items/CFX2_PickupSmiley2.prefab
  artifactKey: Guid(1bc4a709f24528b40984e62f32e398a0) Importer(815301076,1909f56bfc062723c751e8b465ee728b)
Start importing Assets/JMO Assets/Cartoon FX/CFX2 Prefabs/Pickup Items/CFX2_PickupSmiley2.prefab using Guid(1bc4a709f24528b40984e62f32e398a0) Importer(815301076,1909f56bfc062723c751e8b465ee728b)  -> (artifact id: 'c98506ddc35e7038534f2af7635acd60') in 0.003194 seconds
  Import took 0.005776 seconds .

========================================================================
Received Import Request.
  Time since last request: 0.000278 seconds.
  path: Assets/JMO Assets/Cartoon FX/CFX2 Prefabs/Pickup Items/CFX2_PickupHeart.prefab
  artifactKey: Guid(3af6f68141914ca43ba39b2403757bd0) Importer(815301076,1909f56bfc062723c751e8b465ee728b)
Start importing Assets/JMO Assets/Cartoon FX/CFX2 Prefabs/Pickup Items/CFX2_PickupHeart.prefab using Guid(3af6f68141914ca43ba39b2403757bd0) Importer(815301076,1909f56bfc062723c751e8b465ee728b)  -> (artifact id: 'df50d8198e3b4bbfd9abea90ff49f253') in 0.003600 seconds
  Import took 0.007163 seconds .

========================================================================
Received Import Request.
  Time since last request: 0.000248 seconds.
  path: Assets/JMO Assets/Cartoon FX/CFX2 Prefabs/Pickup Items/CFX2_PickupStar.prefab
  artifactKey: Guid(8fc06027b01064e4f885fd8dd2929310) Importer(815301076,1909f56bfc062723c751e8b465ee728b)
Start importing Assets/JMO Assets/Cartoon FX/CFX2 Prefabs/Pickup Items/CFX2_PickupStar.prefab using Guid(8fc06027b01064e4f885fd8dd2929310) Importer(815301076,1909f56bfc062723c751e8b465ee728b)  -> (artifact id: 'a0aed168aa9264a870b6a49c7b0370e9') in 0.003648 seconds
  Import took 0.007380 seconds .

========================================================================
Received Import Request.
  Time since last request: 1.819327 seconds.
  path: Assets/JMO Assets/Cartoon FX/CFX2 Prefabs/Debris Hits/CFX2_RockHit.prefab
  artifactKey: Guid(a97415c6b57076f41a6621a7b51d63a3) Importer(815301076,1909f56bfc062723c751e8b465ee728b)
Start importing Assets/JMO Assets/Cartoon FX/CFX2 Prefabs/Debris Hits/CFX2_RockHit.prefab using Guid(a97415c6b57076f41a6621a7b51d63a3) Importer(815301076,1909f56bfc062723c751e8b465ee728b)  -> (artifact id: '951478fbec8d026e853acb82cb0cb96d') in 0.005420 seconds
  Import took 0.008839 seconds .

========================================================================
Received Import Request.
  Time since last request: 1.150418 seconds.
  path: Assets/JMO Assets/Cartoon FX/Materials/Animated/CFX_Anim_Triangle3_Add.mat
  artifactKey: Guid(b03f3e8f44fe09d48af2ab4d04ddbddb) Importer(815301076,1909f56bfc062723c751e8b465ee728b)
Start importing Assets/JMO Assets/Cartoon FX/Materials/Animated/CFX_Anim_Triangle3_Add.mat using Guid(b03f3e8f44fe09d48af2ab4d04ddbddb) Importer(815301076,1909f56bfc062723c751e8b465ee728b)  -> (artifact id: '428b59ad34b98698625a13e4530773db') in 0.006861 seconds
  Import took 0.009603 seconds .

========================================================================
Received Import Request.
  Time since last request: 0.006671 seconds.
  path: Assets/JMO Assets/Cartoon FX/Materials/Animated/CFX_Anim_Triangle3_Add.mat
  artifactKey: Guid(b03f3e8f44fe09d48af2ab4d04ddbddb) Importer(815301076,1909f56bfc062723c751e8b465ee728b)
Start importing Assets/JMO Assets/Cartoon FX/Materials/Animated/CFX_Anim_Triangle3_Add.mat using Guid(b03f3e8f44fe09d48af2ab4d04ddbddb) Importer(815301076,1909f56bfc062723c751e8b465ee728b)  -> (artifact id: '428b59ad34b98698625a13e4530773db') in 0.006389 seconds
  Import took 0.009549 seconds .

========================================================================
Received Import Request.
  Time since last request: 11.473935 seconds.
  path: Assets/JMO Assets/Cartoon FX/CFX2 Prefabs/Debris Hits/BreakMeteor.prefab
  artifactKey: Guid(a97415c6b57076f41a6621a7b51d63a3) Importer(815301076,1909f56bfc062723c751e8b465ee728b)
Start importing Assets/JMO Assets/Cartoon FX/CFX2 Prefabs/Debris Hits/BreakMeteor.prefab using Guid(a97415c6b57076f41a6621a7b51d63a3) Importer(815301076,1909f56bfc062723c751e8b465ee728b)  -> (artifact id: '86b1623b48b20129b518e1c9ec7779d6') in 0.003861 seconds
  Import took 0.007407 seconds .

========================================================================
Received Import Request.
  Time since last request: 0.001027 seconds.
  path: Assets/JMO Assets/Cartoon FX/CFX2 Prefabs/Debris Hits/BreakMeteor.prefab
  artifactKey: Guid(a97415c6b57076f41a6621a7b51d63a3) Importer(815301076,1909f56bfc062723c751e8b465ee728b)
Start importing Assets/JMO Assets/Cartoon FX/CFX2 Prefabs/Debris Hits/BreakMeteor.prefab using Guid(a97415c6b57076f41a6621a7b51d63a3) Importer(815301076,1909f56bfc062723c751e8b465ee728b)  -> (artifact id: '86b1623b48b20129b518e1c9ec7779d6') in 0.003030 seconds
  Import took 0.005868 seconds .

========================================================================
Received Prepare
Registering precompiled user dll's ...
Registered in 0.000800 seconds.
Begin MonoManager ReloadAssembly
Native extension for WindowsStandalone target not found
Refreshing native plugins compatible for Editor in 0.36 ms, found 1 plugins.
Preloading 0 native plugins for Editor in 0.00 ms.
Invoked RoslynAnalysisRunner static constructor.
RoslynAnalysisRunner will not be running.
RoslynAnalysisRunner has terminated.
Mono: successfully reloaded assembly
- Completed reload, in  0.807 seconds
Platform modules already initialized, skipping
Refreshing native plugins compatible for Editor in 0.33 ms, found 1 plugins.
Preloading 0 native plugins for Editor in 0.00 ms.
Unloading 1815 Unused Serialized files (Serialized files now loaded: 0)
System memory in use before: 89.7 MB.
System memory in use after: 89.7 MB.

Unloading 12 unused Assets to reduce memory usage. Loaded Objects now: 2353.
Total: 1.749300 ms (FindLiveObjects: 0.160000 ms CreateObjectMapping: 0.056100 ms MarkObjects: 1.443100 ms  DeleteObjects: 0.089100 ms)

========================================================================
Received Import Request.
  Time since last request: 809.243706 seconds.
  path: Assets/Prefeb/MeteorGreen.prefab
  artifactKey: Guid(033f3e79ab4fd6a4aa5b931f45b95d61) Importer(815301076,1909f56bfc062723c751e8b465ee728b)
Start importing Assets/Prefeb/MeteorGreen.prefab using Guid(033f3e79ab4fd6a4aa5b931f45b95d61) Importer(815301076,1909f56bfc062723c751e8b465ee728b)  -> (artifact id: 'ce528178da2f44b0e99eed998a4b7746') in 0.108673 seconds
  Import took 0.111577 seconds .

========================================================================
Received Import Request.
  Time since last request: 0.000240 seconds.
  path: Assets/Prefeb/MeteorGray.prefab
  artifactKey: Guid(78b2d531bd76d3948abb21f71d87c50a) Importer(815301076,1909f56bfc062723c751e8b465ee728b)
Start importing Assets/Prefeb/MeteorGray.prefab using Guid(78b2d531bd76d3948abb21f71d87c50a) Importer(815301076,1909f56bfc062723c751e8b465ee728b)  -> (artifact id: 'c763544f63561ab4200e73ff6556e72f') in 0.032372 seconds
  Import took 0.035078 seconds .

========================================================================
Received Import Request.
  Time since last request: 0.000240 seconds.
  path: Assets/Prefeb/MeteorBlue.prefab
  artifactKey: Guid(fa0cee9402527164283a53b310df0cc9) Importer(815301076,1909f56bfc062723c751e8b465ee728b)
Start importing Assets/Prefeb/MeteorBlue.prefab using Guid(fa0cee9402527164283a53b310df0cc9) Importer(815301076,1909f56bfc062723c751e8b465ee728b)  -> (artifact id: '56687a5b97dfe2dd768b187fe8ec9fee') in 0.030907 seconds
  Import took 0.033626 seconds .

========================================================================
Received Import Request.
  Time since last request: 0.000266 seconds.
  path: Assets/Prefeb/Meteor.prefab
  artifactKey: Guid(a27282f826cae4e4ca510475206ceb0f) Importer(815301076,1909f56bfc062723c751e8b465ee728b)
Start importing Assets/Prefeb/Meteor.prefab using Guid(a27282f826cae4e4ca510475206ceb0f) Importer(815301076,1909f56bfc062723c751e8b465ee728b)  -> (artifact id: 'ebd38042ebd5e8bd34daa3e3e3214ac6') in 0.030237 seconds
  Import took 0.032872 seconds .

========================================================================
Received Prepare
Registering precompiled user dll's ...
Registered in 0.000758 seconds.
Begin MonoManager ReloadAssembly
Native extension for WindowsStandalone target not found
Refreshing native plugins compatible for Editor in 0.34 ms, found 1 plugins.
Preloading 0 native plugins for Editor in 0.00 ms.
Invoked RoslynAnalysisRunner static constructor.
RoslynAnalysisRunner will not be running.
RoslynAnalysisRunner has terminated.
Mono: successfully reloaded assembly
- Completed reload, in  0.774 seconds
Platform modules already initialized, skipping
Refreshing native plugins compatible for Editor in 0.34 ms, found 1 plugins.
Preloading 0 native plugins for Editor in 0.00 ms.
Unloading 1815 Unused Serialized files (Serialized files now loaded: 0)
System memory in use before: 89.8 MB.
System memory in use after: 89.8 MB.

Unloading 12 unused Assets to reduce memory usage. Loaded Objects now: 2358.
Total: 1.938900 ms (FindLiveObjects: 0.180600 ms CreateObjectMapping: 0.063900 ms MarkObjects: 1.588000 ms  DeleteObjects: 0.105500 ms)

========================================================================
Received Prepare
Registering precompiled user dll's ...
Registered in 0.000712 seconds.
Begin MonoManager ReloadAssembly
Native extension for WindowsStandalone target not found
Refreshing native plugins compatible for Editor in 0.34 ms, found 1 plugins.
Preloading 0 native plugins for Editor in 0.00 ms.
Invoked RoslynAnalysisRunner static constructor.
RoslynAnalysisRunner will not be running.
RoslynAnalysisRunner has terminated.
Mono: successfully reloaded assembly
- Completed reload, in  0.770 seconds
Platform modules already initialized, skipping
Refreshing native plugins compatible for Editor in 0.34 ms, found 1 plugins.
Preloading 0 native plugins for Editor in 0.00 ms.
Unloading 1815 Unused Serialized files (Serialized files now loaded: 0)
System memory in use before: 89.8 MB.
System memory in use after: 89.8 MB.

Unloading 12 unused Assets to reduce memory usage. Loaded Objects now: 2362.
Total: 2.011900 ms (FindLiveObjects: 0.206900 ms CreateObjectMapping: 0.065100 ms MarkObjects: 1.639900 ms  DeleteObjects: 0.099200 ms)

========================================================================
Received Prepare
Registering precompiled user dll's ...
Registered in 0.000760 seconds.
Begin MonoManager ReloadAssembly
Native extension for WindowsStandalone target not found
Refreshing native plugins compatible for Editor in 0.35 ms, found 1 plugins.
Preloading 0 native plugins for Editor in 0.00 ms.
Invoked RoslynAnalysisRunner static constructor.
RoslynAnalysisRunner will not be running.
RoslynAnalysisRunner has terminated.
Mono: successfully reloaded assembly
- Completed reload, in  0.755 seconds
Platform modules already initialized, skipping
Refreshing native plugins compatible for Editor in 0.34 ms, found 1 plugins.
Preloading 0 native plugins for Editor in 0.00 ms.
Unloading 1815 Unused Serialized files (Serialized files now loaded: 0)
System memory in use before: 89.8 MB.
System memory in use after: 89.8 MB.

Unloading 12 unused Assets to reduce memory usage. Loaded Objects now: 2366.
Total: 1.987500 ms (FindLiveObjects: 0.265800 ms CreateObjectMapping: 0.093700 ms MarkObjects: 1.531000 ms  DeleteObjects: 0.096000 ms)

========================================================================
Received Prepare
Registering precompiled user dll's ...
Registered in 0.001214 seconds.
Begin MonoManager ReloadAssembly
Native extension for WindowsStandalone target not found
Refreshing native plugins compatible for Editor in 0.34 ms, found 1 plugins.
Preloading 0 native plugins for Editor in 0.00 ms.
Invoked RoslynAnalysisRunner static constructor.
RoslynAnalysisRunner will not be running.
RoslynAnalysisRunner has terminated.
Mono: successfully reloaded assembly
- Completed reload, in  0.753 seconds
Platform modules already initialized, skipping
Refreshing native plugins compatible for Editor in 0.35 ms, found 1 plugins.
Preloading 0 native plugins for Editor in 0.00 ms.
Unloading 1815 Unused Serialized files (Serialized files now loaded: 0)
System memory in use before: 89.8 MB.
System memory in use after: 89.8 MB.

Unloading 12 unused Assets to reduce memory usage. Loaded Objects now: 2370.
Total: 2.202200 ms (FindLiveObjects: 0.179900 ms CreateObjectMapping: 0.067000 ms MarkObjects: 1.857600 ms  DeleteObjects: 0.096900 ms)

========================================================================
Received Prepare
Registering precompiled user dll's ...
Registered in 0.000793 seconds.
Begin MonoManager ReloadAssembly
Native extension for WindowsStandalone target not found
Refreshing native plugins compatible for Editor in 0.35 ms, found 1 plugins.
Preloading 0 native plugins for Editor in 0.00 ms.
Invoked RoslynAnalysisRunner static constructor.
RoslynAnalysisRunner will not be running.
RoslynAnalysisRunner has terminated.
Mono: successfully reloaded assembly
- Completed reload, in  0.769 seconds
Platform modules already initialized, skipping
Refreshing native plugins compatible for Editor in 0.37 ms, found 1 plugins.
Preloading 0 native plugins for Editor in 0.00 ms.
Unloading 1815 Unused Serialized files (Serialized files now loaded: 0)
System memory in use before: 89.8 MB.
System memory in use after: 89.8 MB.

Unloading 12 unused Assets to reduce memory usage. Loaded Objects now: 2374.
Total: 2.666300 ms (FindLiveObjects: 0.403500 ms CreateObjectMapping: 0.153400 ms MarkObjects: 1.909600 ms  DeleteObjects: 0.198300 ms)

========================================================================
Received Prepare
Registering precompiled user dll's ...
Registered in 0.000685 seconds.
Begin MonoManager ReloadAssembly
Native extension for WindowsStandalone target not found
Refreshing native plugins compatible for Editor in 0.34 ms, found 1 plugins.
Preloading 0 native plugins for Editor in 0.00 ms.
Invoked RoslynAnalysisRunner static constructor.
RoslynAnalysisRunner will not be running.
RoslynAnalysisRunner has terminated.
Mono: successfully reloaded assembly
- Completed reload, in  0.772 seconds
Platform modules already initialized, skipping
Refreshing native plugins compatible for Editor in 0.33 ms, found 1 plugins.
Preloading 0 native plugins for Editor in 0.00 ms.
Unloading 1815 Unused Serialized files (Serialized files now loaded: 0)
System memory in use before: 89.8 MB.
System memory in use after: 89.8 MB.

Unloading 12 unused Assets to reduce memory usage. Loaded Objects now: 2378.
Total: 2.245400 ms (FindLiveObjects: 0.200800 ms CreateObjectMapping: 0.056400 ms MarkObjects: 1.888400 ms  DeleteObjects: 0.098800 ms)

========================================================================
Received Import Request.
  Time since last request: 1941.913562 seconds.
  path: Assets/Scripts/UIController.cs
  artifactKey: Guid(5925d9aea67ced84bbd0c1cd9233f40b) Importer(815301076,1909f56bfc062723c751e8b465ee728b)
Start importing Assets/Scripts/UIController.cs using Guid(5925d9aea67ced84bbd0c1cd9233f40b) Importer(815301076,1909f56bfc062723c751e8b465ee728b)  -> (artifact id: '687366ae2618d122a06ea3b708b6b848') in 0.003408 seconds
  Import took 0.005968 seconds .

========================================================================
Received Import Request.
  Time since last request: 1.388989 seconds.
  path: Assets/Scenes/SampleScene.unity
  artifactKey: Guid(2cda990e2423bbf4892e6590ba056729) Importer(815301076,1909f56bfc062723c751e8b465ee728b)
Start importing Assets/Scenes/SampleScene.unity using Guid(2cda990e2423bbf4892e6590ba056729) Importer(815301076,1909f56bfc062723c751e8b465ee728b)  -> (artifact id: '30df8afc999390ef18fb6bc9f9434a7b') in 0.006267 seconds
  Import took 0.008961 seconds .

========================================================================
Received Import Request.
  Time since last request: 5.497449 seconds.
  path: Assets/Scenes/Main.unity
  artifactKey: Guid(2cda990e2423bbf4892e6590ba056729) Importer(815301076,1909f56bfc062723c751e8b465ee728b)
Start importing Assets/Scenes/Main.unity using Guid(2cda990e2423bbf4892e6590ba056729) Importer(815301076,1909f56bfc062723c751e8b465ee728b)  -> (artifact id: '87bbceacca446dbb5fe3e8eb90b9a8af') in 0.002186 seconds
  Import took 0.005596 seconds .

========================================================================
Received Prepare
Registering precompiled user dll's ...
Registered in 0.000870 seconds.
Begin MonoManager ReloadAssembly
Native extension for WindowsStandalone target not found
Refreshing native plugins compatible for Editor in 0.38 ms, found 1 plugins.
Preloading 0 native plugins for Editor in 0.00 ms.
Invoked RoslynAnalysisRunner static constructor.
RoslynAnalysisRunner will not be running.
RoslynAnalysisRunner has terminated.
Mono: successfully reloaded assembly
- Completed reload, in  1.042 seconds
Platform modules already initialized, skipping
Refreshing native plugins compatible for Editor in 0.36 ms, found 1 plugins.
Preloading 0 native plugins for Editor in 0.00 ms.
Unloading 1815 Unused Serialized files (Serialized files now loaded: 0)
System memory in use before: 89.9 MB.
System memory in use after: 89.9 MB.

Unloading 12 unused Assets to reduce memory usage. Loaded Objects now: 2382.
Total: 3.254000 ms (FindLiveObjects: 0.344200 ms CreateObjectMapping: 0.099700 ms MarkObjects: 2.693400 ms  DeleteObjects: 0.115500 ms)

========================================================================
Received Prepare
Registering precompiled user dll's ...
Registered in 0.000713 seconds.
Begin MonoManager ReloadAssembly
Native extension for WindowsStandalone target not found
Refreshing native plugins compatible for Editor in 0.35 ms, found 1 plugins.
Preloading 0 native plugins for Editor in 0.00 ms.
Invoked RoslynAnalysisRunner static constructor.
RoslynAnalysisRunner will not be running.
RoslynAnalysisRunner has terminated.
Mono: successfully reloaded assembly
- Completed reload, in  0.812 seconds
Platform modules already initialized, skipping
Refreshing native plugins compatible for Editor in 0.48 ms, found 1 plugins.
Preloading 0 native plugins for Editor in 0.00 ms.
Unloading 1815 Unused Serialized files (Serialized files now loaded: 0)
System memory in use before: 89.9 MB.
System memory in use after: 89.9 MB.

Unloading 12 unused Assets to reduce memory usage. Loaded Objects now: 2386.
Total: 2.111200 ms (FindLiveObjects: 0.191800 ms CreateObjectMapping: 0.066500 ms MarkObjects: 1.748600 ms  DeleteObjects: 0.103300 ms)

========================================================================
Received Prepare
Registering precompiled user dll's ...
Registered in 0.000695 seconds.
Begin MonoManager ReloadAssembly
Native extension for WindowsStandalone target not found
Refreshing native plugins compatible for Editor in 0.34 ms, found 1 plugins.
Preloading 0 native plugins for Editor in 0.00 ms.
Invoked RoslynAnalysisRunner static constructor.
RoslynAnalysisRunner will not be running.
RoslynAnalysisRunner has terminated.
Mono: successfully reloaded assembly
- Completed reload, in  0.777 seconds
Platform modules already initialized, skipping
Refreshing native plugins compatible for Editor in 0.34 ms, found 1 plugins.
Preloading 0 native plugins for Editor in 0.00 ms.
Unloading 1815 Unused Serialized files (Serialized files now loaded: 0)
System memory in use before: 89.9 MB.
System memory in use after: 89.9 MB.

Unloading 12 unused Assets to reduce memory usage. Loaded Objects now: 2390.
Total: 2.148500 ms (FindLiveObjects: 0.171900 ms CreateObjectMapping: 0.060200 ms MarkObjects: 1.820200 ms  DeleteObjects: 0.095500 ms)

AssetImportWorkerClient::OnTransportError - code=2 error=End of file
